Using pre-set license
Built from '2021.3/staging' branch; Version is '2021.3.14f1 (eee1884e7226) revision 15655304'; Using compiler version '192829333'; Build Type 'Release'
OS: 'Windows 10  (10.0.19045) 64bit CoreSingleLanguage' Language: 'en' Physical Memory: 7583 MB
BatchMode: 1, IsHumanControllingUs: 0, StartBugReporterOnCrash: 0, Is64bit: 1, IsPro: 1

COMMAND LINE ARGUMENTS:
C:\Program Files\Unity\Hub\Editor\2021.3.14f1\Editor\Unity.exe
-adb2
-batchMode
-noUpm
-name
AssetImportWorker0
-projectPath
C:/Users/yuvra/Desktop/Learnings/unity/2d/My project
-logFile
Logs/AssetImportWorker0.log
-srvPort
54805
Successfully changed project path to: C:/Users/yuvra/Desktop/Learnings/unity/2d/My project
C:/Users/yuvra/Desktop/Learnings/unity/2d/My project
[UnityMemory] Configuration Parameters - Can be set up in boot.config
    "memorysetup-bucket-allocator-granularity=16"
    "memorysetup-bucket-allocator-bucket-count=8"
    "memorysetup-bucket-allocator-block-size=33554432"
    "memorysetup-bucket-allocator-block-count=8"
    "memorysetup-main-allocator-block-size=16777216"
    "memorysetup-thread-allocator-block-size=16777216"
    "memorysetup-gfx-main-allocator-block-size=16777216"
    "memorysetup-gfx-thread-allocator-block-size=16777216"
    "memorysetup-cache-allocator-block-size=4194304"
    "memorysetup-typetree-allocator-block-size=2097152"
    "memorysetup-profiler-bucket-allocator-granularity=16"
    "memorysetup-profiler-bucket-allocator-bucket-count=8"
    "memorysetup-profiler-bucket-allocator-block-size=33554432"
    "memorysetup-profiler-bucket-allocator-block-count=8"
    "memorysetup-profiler-allocator-block-size=16777216"
    "memorysetup-profiler-editor-allocator-block-size=1048576"
    "memorysetup-temp-allocator-size-main=16777216"
    "memorysetup-job-temp-allocator-block-size=2097152"
    "memorysetup-job-temp-allocator-block-size-background=1048576"
    "memorysetup-job-temp-allocator-reduction-small-platforms=262144"
    "memorysetup-temp-allocator-size-background-worker=32768"
    "memorysetup-temp-allocator-size-job-worker=262144"
    "memorysetup-temp-allocator-size-preload-manager=33554432"
    "memorysetup-temp-allocator-size-nav-mesh-worker=65536"
    "memorysetup-temp-allocator-size-audio-worker=65536"
    "memorysetup-temp-allocator-size-cloud-worker=32768"
    "memorysetup-temp-allocator-size-gi-baking-worker=262144"
    "memorysetup-temp-allocator-size-gfx=262144"
Refreshing native plugins compatible for Editor in 118.23 ms, found 3 plugins.
Preloading 0 native plugins for Editor in 0.00 ms.
Initialize engine version: 2021.3.14f1 (eee1884e7226)
[Subsystems] Discovering subsystems at path C:/Program Files/Unity/Hub/Editor/2021.3.14f1/Editor/Data/Resources/UnitySubsystems
[Subsystems] Discovering subsystems at path C:/Users/yuvra/Desktop/Learnings/unity/2d/My project/Assets
GfxDevice: creating device client; threaded=0; jobified=0
Direct3D:
    Version:  Direct3D 11.0 [level 11.1]
    Renderer: NVIDIA GeForce GTX 1650 (ID=0x1f9d)
    Vendor:   NVIDIA
    VRAM:     3949 MB
    Driver:   31.0.15.3168
Initialize mono
Mono path[0] = 'C:/Program Files/Unity/Hub/Editor/2021.3.14f1/Editor/Data/Managed'
Mono path[1] = 'C:/Program Files/Unity/Hub/Editor/2021.3.14f1/Editor/Data/MonoBleedingEdge/lib/mono/unityjit-win32'
Mono config path = 'C:/Program Files/Unity/Hub/Editor/2021.3.14f1/Editor/Data/MonoBleedingEdge/etc'
Using monoOptions --debugger-agent=transport=dt_socket,embedding=1,server=y,suspend=n,address=127.0.0.1:56224
Begin MonoManager ReloadAssembly
Registering precompiled unity dll's ...
Register platform support module: C:/Program Files/Unity/Hub/Editor/2021.3.14f1/Editor/Data/PlaybackEngines/WebGLSupport/UnityEditor.WebGL.Extensions.dll
Register platform support module: C:/Program Files/Unity/Hub/Editor/2021.3.14f1/Editor/Data/PlaybackEngines/AndroidPlayer/UnityEditor.Android.Extensions.dll
Register platform support module: C:/Program Files/Unity/Hub/Editor/2021.3.14f1/Editor/Data/PlaybackEngines/WindowsStandaloneSupport/UnityEditor.WindowsStandalone.Extensions.dll
Registered in 0.015144 seconds.
Native extension for WindowsStandalone target not found
Native extension for Android target not found
Native extension for WebGL target not found
Refreshing native plugins compatible for Editor in 112.04 ms, found 3 plugins.
Preloading 0 native plugins for Editor in 0.00 ms.
Mono: successfully reloaded assembly
- Completed reload, in  1.129 seconds
Domain Reload Profiling:
	ReloadAssembly (1130ms)
		BeginReloadAssembly (190ms)
			ExecutionOrderSort (0ms)
			DisableScriptedObjects (0ms)
			BackupInstance (0ms)
			ReleaseScriptingObjects (0ms)
			CreateAndSetChildDomain (2ms)
		EndReloadAssembly (794ms)
			LoadAssemblies (204ms)
			RebuildTransferFunctionScriptingTraits (1ms)
			SetupTypeCache (220ms)
			ReleaseScriptCaches (0ms)
			RebuildScriptCaches (64ms)
			SetupLoadedEditorAssemblies (396ms)
				LogAssemblyErrors (0ms)
				InitializePlatformSupportModulesInManaged (110ms)
				SetLoadedEditorAssemblies (0ms)
				RefreshPlugins (112ms)
				BeforeProcessingInitializeOnLoad (3ms)
				ProcessInitializeOnLoadAttributes (123ms)
				ProcessInitializeOnLoadMethodAttributes (48ms)
				AfterProcessingInitializeOnLoad (0ms)
				EditorAssembliesLoaded (0ms)
			ExecutionOrderSort2 (0ms)
			AwakeInstancesAfterBackupRestoration (0ms)
Platform modules already initialized, skipping
Registering precompiled user dll's ...
Registered in 0.007590 seconds.
Begin MonoManager ReloadAssembly
Symbol file LoadedFromMemory doesn't match image C:\Users\yuvra\Desktop\Learnings\unity\2d\My project\Library\PackageCache\com.unity.visualscripting@1.7.8\Editor\VisualScripting.Core\Dependencies\YamlDotNet\Unity.VisualScripting.YamlDotNet.dll
Symbol file LoadedFromMemory doesn't match image C:\Users\yuvra\Desktop\Learnings\unity\2d\My project\Library\PackageCache\com.unity.visualscripting@1.7.8\Editor\VisualScripting.Core\Dependencies\DotNetZip\Unity.VisualScripting.IonicZip.dll
Native extension for WindowsStandalone target not found
Native extension for Android target not found
Native extension for WebGL target not found
Refreshing native plugins compatible for Editor in 196.00 ms, found 3 plugins.
Preloading 0 native plugins for Editor in 0.00 ms.
Mono: successfully reloaded assembly
- Completed reload, in  3.406 seconds
Domain Reload Profiling:
	ReloadAssembly (3408ms)
		BeginReloadAssembly (552ms)
			ExecutionOrderSort (0ms)
			DisableScriptedObjects (19ms)
			BackupInstance (0ms)
			ReleaseScriptingObjects (2ms)
			CreateAndSetChildDomain (174ms)
		EndReloadAssembly (2628ms)
			LoadAssemblies (567ms)
			RebuildTransferFunctionScriptingTraits (0ms)
			SetupTypeCache (575ms)
			ReleaseScriptCaches (2ms)
			RebuildScriptCaches (142ms)
			SetupLoadedEditorAssemblies (1412ms)
				LogAssemblyErrors (0ms)
				InitializePlatformSupportModulesInManaged (35ms)
				SetLoadedEditorAssemblies (0ms)
				RefreshPlugins (196ms)
				BeforeProcessingInitializeOnLoad (231ms)
				ProcessInitializeOnLoadAttributes (899ms)
				ProcessInitializeOnLoadMethodAttributes (37ms)
				AfterProcessingInitializeOnLoad (13ms)
				EditorAssembliesLoaded (0ms)
			ExecutionOrderSort2 (0ms)
			AwakeInstancesAfterBackupRestoration (8ms)
Platform modules already initialized, skipping
========================================================================
Worker process is ready to serve import requests
Launched and connected shader compiler UnityShaderCompiler.exe after 0.11 seconds
Refreshing native plugins compatible for Editor in 3.94 ms, found 3 plugins.
Preloading 0 native plugins for Editor in 0.00 ms.
Unloading 3982 Unused Serialized files (Serialized files now loaded: 0)
Unloading 50 unused Assets / (1.1 MB). Loaded Objects now: 4457.
Memory consumption went from 163.9 MB to 162.8 MB.
Total: 28.075900 ms (FindLiveObjects: 2.825500 ms CreateObjectMapping: 1.954100 ms MarkObjects: 20.942000 ms  DeleteObjects: 2.349700 ms)

AssetImportParameters requested are different than current active one (requested -> active):
  custom:video-decoder-ogg-theora: a1e56fd34408186e4bbccfd4996cb3dc -> 
  custom:container-muxer-webm: aa71ff27fc2769a1b78a27578f13a17b -> 
  custom:container-demuxer-webm: 4f35f7cbe854078d1ac9338744f61a02 -> 
  custom:video-encoder-webm-vp8: eb34c28f22e8b96e1ab97ce403110664 -> 
  custom:video-codec-MediaFoundation-h265: 746d11721c4dcdbdad8f713fa42b33f4 -> 
  custom:audio-encoder-webm-vorbis: bf7c407c2cedff20999df2af8eb42d56 -> 
  custom:framework-win-MediaFoundation: 216162199b28c13a410421893ffa2e32 -> 
  custom:container-demuxer-ogg: 62fdf1f143b41e24485cea50d1cbac27 -> 
  custom:video-decoder-webm-vp8: 9c59270c3fd7afecdb556c50c9e8de78 -> 
  custom:audio-decoder-ogg-vorbis: bf7c407c2cedff20999df2af8eb42d56 -> 
========================================================================
Received Import Request.
  Time since last request: 1909240.443621 seconds.
  path: Assets/character/suitwoman/textures
  artifactKey: Guid(75a584b223339704fbde11f7ccdb84ee) Importer(815301076,1909f56bfc062723c751e8b465ee728b)
Start importing Assets/character/suitwoman/textures using Guid(75a584b223339704fbde11f7ccdb84ee) Importer(815301076,1909f56bfc062723c751e8b465ee728b)  -> (artifact id: '8b05c834e93e60c85f3392f06b5b75fa') in 0.092041 seconds 
========================================================================
Received Import Request.
  Time since last request: 0.000145 seconds.
  path: Assets/character/suitwoman/textures/Ch11_1001_Glossiness.png
  artifactKey: Guid(2e864e6cd4e6f9741aa2c3b02151ba9e) Importer(815301076,1909f56bfc062723c751e8b465ee728b)
Start importing Assets/character/suitwoman/textures/Ch11_1001_Glossiness.png using Guid(2e864e6cd4e6f9741aa2c3b02151ba9e) Importer(815301076,1909f56bfc062723c751e8b465ee728b)  -> (artifact id: 'ba8bfbdce8aa03e7d706f6971a240339') in 0.213566 seconds 
========================================================================
Received Import Request.
  Time since last request: 0.000094 seconds.
  path: Assets/character/suitwoman/textures/Ch11_1001_Specular.png
  artifactKey: Guid(4792d61e43171324184c82dc27d9a0b6) Importer(815301076,1909f56bfc062723c751e8b465ee728b)
Start importing Assets/character/suitwoman/textures/Ch11_1001_Specular.png using Guid(4792d61e43171324184c82dc27d9a0b6) Importer(815301076,1909f56bfc062723c751e8b465ee728b)  -> (artifact id: 'b370f24d421d53255a3ea4573c8b0353') in 0.073069 seconds 
========================================================================
Received Import Request.
  Time since last request: 28.275781 seconds.
  path: Assets/Flooded_Grounds/Prefabs/Buildings/Bridge/BLD_Bridge_A.prefab
  artifactKey: Guid(06e456f55e6fa06438fb977ee919a779) Importer(815301076,1909f56bfc062723c751e8b465ee728b)
Start importing Assets/Flooded_Grounds/Prefabs/Buildings/Bridge/BLD_Bridge_A.prefab using Guid(06e456f55e6fa06438fb977ee919a779) Importer(815301076,1909f56bfc062723c751e8b465ee728b)  -> (artifact id: 'a9577b33c935af0f6cc263916690e5b1') in 0.516903 seconds 
========================================================================
Received Import Request.
  Time since last request: 826.930886 seconds.
  path: Assets/character/suitwoman/Ch11_nonPBR@Crouch Idle.fbx
  artifactKey: Guid(ec78f75edeb3f684ba72127be9ef342e) Importer(815301076,1909f56bfc062723c751e8b465ee728b)
Start importing Assets/character/suitwoman/Ch11_nonPBR@Crouch Idle.fbx using Guid(ec78f75edeb3f684ba72127be9ef342e) Importer(815301076,1909f56bfc062723c751e8b465ee728b)  -> (artifact id: '70ece5f05894055349fc5a20fb20cbe6') in 0.339458 seconds 
========================================================================
Received Import Request.
  Time since last request: 4.194746 seconds.
  path: Assets/character/suitwoman/Ch11_nonPBR@Crouch Idle.fbx
  artifactKey: Guid(ec78f75edeb3f684ba72127be9ef342e) Importer(815301076,1909f56bfc062723c751e8b465ee728b)
Start importing Assets/character/suitwoman/Ch11_nonPBR@Crouch Idle.fbx using Guid(ec78f75edeb3f684ba72127be9ef342e) Importer(815301076,1909f56bfc062723c751e8b465ee728b)  -> (artifact id: '145eb19da5eac3dc6df507b828d6fdaa') in 0.217628 seconds 
========================================================================
Received Import Request.
  Time since last request: 6.527216 seconds.
  path: Assets/character/suitwoman/textures/Ch11_1001_Diffuse 1.png
  artifactKey: Guid(8dbaa213f67902541a0dbc675e00a39c) Importer(815301076,1909f56bfc062723c751e8b465ee728b)
Start importing Assets/character/suitwoman/textures/Ch11_1001_Diffuse 1.png using Guid(8dbaa213f67902541a0dbc675e00a39c) Importer(815301076,1909f56bfc062723c751e8b465ee728b)  -> (artifact id: '16c521369ccec7c18001cb2ad48200b5') in 0.071024 seconds 
========================================================================
Received Import Request.
  Time since last request: 0.000108 seconds.
  path: Assets/character/suitwoman/textures/Ch11_1002_Glossiness 1.png
  artifactKey: Guid(c456ec15396db2947bfb59052e0edadc) Importer(815301076,1909f56bfc062723c751e8b465ee728b)
Start importing Assets/character/suitwoman/textures/Ch11_1002_Glossiness 1.png using Guid(c456ec15396db2947bfb59052e0edadc) Importer(815301076,1909f56bfc062723c751e8b465ee728b)  -> (artifact id: '8c7d0626999af28b178119a72414fbb2') in 0.057637 seconds 
========================================================================
Received Import Request.
  Time since last request: 0.000148 seconds.
  path: Assets/character/suitwoman/textures/Ch11_1001_Normal 1.png
  artifactKey: Guid(5c0c29100a1c5494284c8c0fdabe16a8) Importer(815301076,1909f56bfc062723c751e8b465ee728b)
Start importing Assets/character/suitwoman/textures/Ch11_1001_Normal 1.png using Guid(5c0c29100a1c5494284c8c0fdabe16a8) Importer(815301076,1909f56bfc062723c751e8b465ee728b)  -> (artifact id: 'a60c4ca7bde1310632c1fa3877d4eb69') in 0.101570 seconds 
========================================================================
Received Import Request.
  Time since last request: 0.000278 seconds.
  path: Assets/character/suitwoman/textures/Ch11_1002_Specular 1.png
  artifactKey: Guid(2fc77049bc15bdf4b9e76ff4a4c8ac49) Importer(815301076,1909f56bfc062723c751e8b465ee728b)
Start importing Assets/character/suitwoman/textures/Ch11_1002_Specular 1.png using Guid(2fc77049bc15bdf4b9e76ff4a4c8ac49) Importer(815301076,1909f56bfc062723c751e8b465ee728b)  -> (artifact id: '4c36d7fde772ee121f8f54030bb735d9') in 0.052266 seconds 
========================================================================
Received Import Request.
  Time since last request: 0.000197 seconds.
  path: Assets/character/suitwoman/textures/Ch11_1001_Specular 1.png
  artifactKey: Guid(fe29970e0be988c4a9a8b52ee637d31e) Importer(815301076,1909f56bfc062723c751e8b465ee728b)
Start importing Assets/character/suitwoman/textures/Ch11_1001_Specular 1.png using Guid(fe29970e0be988c4a9a8b52ee637d31e) Importer(815301076,1909f56bfc062723c751e8b465ee728b)  -> (artifact id: '217269078f1e865eed462f823ca3d560') in 0.066605 seconds 
Editor requested this worker to shutdown with reason: Scaling down because of idle timeout
AssetImportWorker is now disconnected from the server
Process exiting
Exiting without the bug reporter. Application will terminate with return code 0