Using pre-set license
Built from '2021.3/staging' branch; Version is '2021.3.14f1 (eee1884e7226) revision 15655304'; Using compiler version '192829333'; Build Type 'Release'
OS: 'Windows 10  (10.0.19045) 64bit CoreSingleLanguage' Language: 'en' Physical Memory: 7583 MB
BatchMode: 1, IsHumanControllingUs: 0, StartBugReporterOnCrash: 0, Is64bit: 1, IsPro: 1

COMMAND LINE ARGUMENTS:
C:\Program Files\Unity\Hub\Editor\2021.3.14f1\Editor\Unity.exe
-adb2
-batchMode
-noUpm
-name
AssetImportWorker2
-projectPath
C:/Users/yuvra/Desktop/Learnings/unity/2d/My project
-logFile
Logs/AssetImportWorker2.log
-srvPort
52781
Successfully changed project path to: C:/Users/yuvra/Desktop/Learnings/unity/2d/My project
C:/Users/yuvra/Desktop/Learnings/unity/2d/My project
[UnityMemory] Configuration Parameters - Can be set up in boot.config
    "memorysetup-bucket-allocator-granularity=16"
    "memorysetup-bucket-allocator-bucket-count=8"
    "memorysetup-bucket-allocator-block-size=33554432"
    "memorysetup-bucket-allocator-block-count=8"
    "memorysetup-main-allocator-block-size=16777216"
    "memorysetup-thread-allocator-block-size=16777216"
    "memorysetup-gfx-main-allocator-block-size=16777216"
    "memorysetup-gfx-thread-allocator-block-size=16777216"
    "memorysetup-cache-allocator-block-size=4194304"
    "memorysetup-typetree-allocator-block-size=2097152"
    "memorysetup-profiler-bucket-allocator-granularity=16"
    "memorysetup-profiler-bucket-allocator-bucket-count=8"
    "memorysetup-profiler-bucket-allocator-block-size=33554432"
    "memorysetup-profiler-bucket-allocator-block-count=8"
    "memorysetup-profiler-allocator-block-size=16777216"
    "memorysetup-profiler-editor-allocator-block-size=1048576"
    "memorysetup-temp-allocator-size-main=16777216"
    "memorysetup-job-temp-allocator-block-size=2097152"
    "memorysetup-job-temp-allocator-block-size-background=1048576"
    "memorysetup-job-temp-allocator-reduction-small-platforms=262144"
    "memorysetup-temp-allocator-size-background-worker=32768"
    "memorysetup-temp-allocator-size-job-worker=262144"
    "memorysetup-temp-allocator-size-preload-manager=33554432"
    "memorysetup-temp-allocator-size-nav-mesh-worker=65536"
    "memorysetup-temp-allocator-size-audio-worker=65536"
    "memorysetup-temp-allocator-size-cloud-worker=32768"
    "memorysetup-temp-allocator-size-gi-baking-worker=262144"
    "memorysetup-temp-allocator-size-gfx=262144"
Refreshing native plugins compatible for Editor in 135.75 ms, found 3 plugins.
Preloading 0 native plugins for Editor in 0.00 ms.
Initialize engine version: 2021.3.14f1 (eee1884e7226)
[Subsystems] Discovering subsystems at path C:/Program Files/Unity/Hub/Editor/2021.3.14f1/Editor/Data/Resources/UnitySubsystems
[Subsystems] Discovering subsystems at path C:/Users/yuvra/Desktop/Learnings/unity/2d/My project/Assets
GfxDevice: creating device client; threaded=0; jobified=0
Direct3D:
    Version:  Direct3D 11.0 [level 11.1]
    Renderer: NVIDIA GeForce GTX 1650 (ID=0x1f9d)
    Vendor:   NVIDIA
    VRAM:     3949 MB
    Driver:   31.0.15.3168
Initialize mono
Mono path[0] = 'C:/Program Files/Unity/Hub/Editor/2021.3.14f1/Editor/Data/Managed'
Mono path[1] = 'C:/Program Files/Unity/Hub/Editor/2021.3.14f1/Editor/Data/MonoBleedingEdge/lib/mono/unityjit-win32'
Mono config path = 'C:/Program Files/Unity/Hub/Editor/2021.3.14f1/Editor/Data/MonoBleedingEdge/etc'
Using monoOptions --debugger-agent=transport=dt_socket,embedding=1,server=y,suspend=n,address=127.0.0.1:56616
Begin MonoManager ReloadAssembly
Registering precompiled unity dll's ...
Register platform support module: C:/Program Files/Unity/Hub/Editor/2021.3.14f1/Editor/Data/PlaybackEngines/WebGLSupport/UnityEditor.WebGL.Extensions.dll
Register platform support module: C:/Program Files/Unity/Hub/Editor/2021.3.14f1/Editor/Data/PlaybackEngines/AndroidPlayer/UnityEditor.Android.Extensions.dll
Register platform support module: C:/Program Files/Unity/Hub/Editor/2021.3.14f1/Editor/Data/PlaybackEngines/WindowsStandaloneSupport/UnityEditor.WindowsStandalone.Extensions.dll
Registered in 0.011609 seconds.
Native extension for WindowsStandalone target not found
Native extension for Android target not found
Native extension for WebGL target not found
Refreshing native plugins compatible for Editor in 109.48 ms, found 3 plugins.
Preloading 0 native plugins for Editor in 0.00 ms.
Mono: successfully reloaded assembly
- Completed reload, in  0.829 seconds
Domain Reload Profiling:
	ReloadAssembly (830ms)
		BeginReloadAssembly (114ms)
			ExecutionOrderSort (0ms)
			DisableScriptedObjects (0ms)
			BackupInstance (0ms)
			ReleaseScriptingObjects (0ms)
			CreateAndSetChildDomain (1ms)
		EndReloadAssembly (582ms)
			LoadAssemblies (110ms)
			RebuildTransferFunctionScriptingTraits (0ms)
			SetupTypeCache (135ms)
			ReleaseScriptCaches (0ms)
			RebuildScriptCaches (33ms)
			SetupLoadedEditorAssemblies (347ms)
				LogAssemblyErrors (0ms)
				InitializePlatformSupportModulesInManaged (72ms)
				SetLoadedEditorAssemblies (0ms)
				RefreshPlugins (110ms)
				BeforeProcessingInitializeOnLoad (2ms)
				ProcessInitializeOnLoadAttributes (112ms)
				ProcessInitializeOnLoadMethodAttributes (51ms)
				AfterProcessingInitializeOnLoad (0ms)
				EditorAssembliesLoaded (0ms)
			ExecutionOrderSort2 (0ms)
			AwakeInstancesAfterBackupRestoration (0ms)
Platform modules already initialized, skipping
Registering precompiled user dll's ...
Registered in 0.010725 seconds.
Begin MonoManager ReloadAssembly
Symbol file LoadedFromMemory doesn't match image C:\Users\yuvra\Desktop\Learnings\unity\2d\My project\Library\PackageCache\com.unity.visualscripting@1.7.8\Editor\VisualScripting.Core\Dependencies\YamlDotNet\Unity.VisualScripting.YamlDotNet.dll
Symbol file LoadedFromMemory doesn't match image C:\Users\yuvra\Desktop\Learnings\unity\2d\My project\Library\PackageCache\com.unity.visualscripting@1.7.8\Editor\VisualScripting.Core\Dependencies\DotNetZip\Unity.VisualScripting.IonicZip.dll
Native extension for WindowsStandalone target not found
Native extension for Android target not found
Native extension for WebGL target not found
Refreshing native plugins compatible for Editor in 108.08 ms, found 3 plugins.
Preloading 0 native plugins for Editor in 0.00 ms.
Mono: successfully reloaded assembly
- Completed reload, in  1.781 seconds
Domain Reload Profiling:
	ReloadAssembly (1782ms)
		BeginReloadAssembly (261ms)
			ExecutionOrderSort (0ms)
			DisableScriptedObjects (7ms)
			BackupInstance (0ms)
			ReleaseScriptingObjects (0ms)
			CreateAndSetChildDomain (134ms)
		EndReloadAssembly (1375ms)
			LoadAssemblies (211ms)
			RebuildTransferFunctionScriptingTraits (0ms)
			SetupTypeCache (324ms)
			ReleaseScriptCaches (1ms)
			RebuildScriptCaches (62ms)
			SetupLoadedEditorAssemblies (744ms)
				LogAssemblyErrors (0ms)
				InitializePlatformSupportModulesInManaged (19ms)
				SetLoadedEditorAssemblies (0ms)
				RefreshPlugins (108ms)
				BeforeProcessingInitializeOnLoad (113ms)
				ProcessInitializeOnLoadAttributes (465ms)
				ProcessInitializeOnLoadMethodAttributes (27ms)
				AfterProcessingInitializeOnLoad (12ms)
				EditorAssembliesLoaded (0ms)
			ExecutionOrderSort2 (0ms)
			AwakeInstancesAfterBackupRestoration (6ms)
Platform modules already initialized, skipping
========================================================================
Worker process is ready to serve import requests
Launched and connected shader compiler UnityShaderCompiler.exe after 0.08 seconds
Refreshing native plugins compatible for Editor in 2.31 ms, found 3 plugins.
Preloading 0 native plugins for Editor in 0.00 ms.
Unloading 3982 Unused Serialized files (Serialized files now loaded: 0)
Unloading 50 unused Assets / (1.1 MB). Loaded Objects now: 4457.
Memory consumption went from 163.8 MB to 162.7 MB.
Total: 5.638600 ms (FindLiveObjects: 0.841300 ms CreateObjectMapping: 0.172300 ms MarkObjects: 4.127900 ms  DeleteObjects: 0.495600 ms)

AssetImportParameters requested are different than current active one (requested -> active):
  custom:video-decoder-ogg-theora: a1e56fd34408186e4bbccfd4996cb3dc -> 
  custom:container-muxer-webm: aa71ff27fc2769a1b78a27578f13a17b -> 
  custom:container-demuxer-webm: 4f35f7cbe854078d1ac9338744f61a02 -> 
  custom:video-encoder-webm-vp8: eb34c28f22e8b96e1ab97ce403110664 -> 
  custom:video-codec-MediaFoundation-h265: 746d11721c4dcdbdad8f713fa42b33f4 -> 
  custom:audio-encoder-webm-vorbis: bf7c407c2cedff20999df2af8eb42d56 -> 
  custom:framework-win-MediaFoundation: 216162199b28c13a410421893ffa2e32 -> 
  custom:container-demuxer-ogg: 62fdf1f143b41e24485cea50d1cbac27 -> 
  custom:video-decoder-webm-vp8: 9c59270c3fd7afecdb556c50c9e8de78 -> 
  custom:audio-decoder-ogg-vorbis: bf7c407c2cedff20999df2af8eb42d56 -> 
========================================================================
Received Import Request.
  Time since last request: 1237929.118950 seconds.
  path: Assets/character/mutant/Mutant.fbx
  artifactKey: Guid(dc250de6aafa4dd4c8987fc2ccc79ed5) Importer(815301076,1909f56bfc062723c751e8b465ee728b)
Start importing Assets/character/mutant/Mutant.fbx using Guid(dc250de6aafa4dd4c8987fc2ccc79ed5) Importer(815301076,1909f56bfc062723c751e8b465ee728b)  -> (artifact id: 'f20f26ae9644c1436a095c22611a4770') in 0.283618 seconds 
========================================================================
Received Import Request.
  Time since last request: 118.713820 seconds.
  path: Assets/character/suitwoman/Ch11_nonPBR@Crouch Idle.fbx
  artifactKey: Guid(ec78f75edeb3f684ba72127be9ef342e) Importer(815301076,1909f56bfc062723c751e8b465ee728b)
Start importing Assets/character/suitwoman/Ch11_nonPBR@Crouch Idle.fbx using Guid(ec78f75edeb3f684ba72127be9ef342e) Importer(815301076,1909f56bfc062723c751e8b465ee728b)  -> (artifact id: '4ab124691bd86e4da612bdb54573ca2e') in 0.065887 seconds 
========================================================================
Received Import Request.
  Time since last request: 18.180118 seconds.
  path: Assets/character/suitwoman/Ch11_nonPBR@Mma Kick.fbx
  artifactKey: Guid(72d1e5623a7494e4887b0d3f2f6a441c) Importer(815301076,1909f56bfc062723c751e8b465ee728b)
Start importing Assets/character/suitwoman/Ch11_nonPBR@Mma Kick.fbx using Guid(72d1e5623a7494e4887b0d3f2f6a441c) Importer(815301076,1909f56bfc062723c751e8b465ee728b)  -> (artifact id: 'a0fc11bcdd4db6bdc86ef83891e5c1c6') in 0.062223 seconds 
========================================================================
Received Import Request.
  Time since last request: 0.000270 seconds.
  path: Assets/character/suitwoman/Ch11_nonPBR@Jump.fbx
  artifactKey: Guid(87b6e668bd2994645b77cd49be956ebc) Importer(815301076,1909f56bfc062723c751e8b465ee728b)
Start importing Assets/character/suitwoman/Ch11_nonPBR@Jump.fbx using Guid(87b6e668bd2994645b77cd49be956ebc) Importer(815301076,1909f56bfc062723c751e8b465ee728b)  -> (artifact id: '9546f9d01b2e13019b7bb2b7dbde42dd') in 0.125573 seconds 
========================================================================
Received Import Request.
  Time since last request: 0.000082 seconds.
  path: Assets/character/suitwoman/Ch11_nonPBR@Sneak Walk.fbx
  artifactKey: Guid(08e736709ab2fb84a847ac0a6fe52640) Importer(815301076,1909f56bfc062723c751e8b465ee728b)
Start importing Assets/character/suitwoman/Ch11_nonPBR@Sneak Walk.fbx using Guid(08e736709ab2fb84a847ac0a6fe52640) Importer(815301076,1909f56bfc062723c751e8b465ee728b)  -> (artifact id: 'a57d61f6104b3c64b2324333b936face') in 0.115718 seconds 
========================================================================
Received Import Request.
  Time since last request: 0.000084 seconds.
  path: Assets/character/suitwoman/Ch11_nonPBR@Orc Idle.fbx
  artifactKey: Guid(eb1d4a9192f768b47ab32235887befc9) Importer(815301076,1909f56bfc062723c751e8b465ee728b)
Start importing Assets/character/suitwoman/Ch11_nonPBR@Orc Idle.fbx using Guid(eb1d4a9192f768b47ab32235887befc9) Importer(815301076,1909f56bfc062723c751e8b465ee728b)  -> (artifact id: 'cbee549a0eaf346f81530b7a401952cd') in 0.074379 seconds 
========================================================================
Received Import Request.
  Time since last request: 52.170474 seconds.
  path: Assets/character/suitwoman/Ch11_nonPBR@Crouch Idle.fbx
  artifactKey: Guid(ec78f75edeb3f684ba72127be9ef342e) Importer(815301076,1909f56bfc062723c751e8b465ee728b)
Start importing Assets/character/suitwoman/Ch11_nonPBR@Crouch Idle.fbx using Guid(ec78f75edeb3f684ba72127be9ef342e) Importer(815301076,1909f56bfc062723c751e8b465ee728b)  -> (artifact id: '3035c460cbe01ce2f6bdf4db2f788740') in 0.213041 seconds 
========================================================================
Received Import Request.
  Time since last request: 0.000115 seconds.
  path: Assets/character/suitwoman/Ch11_nonPBR@Mma Kick.fbx
  artifactKey: Guid(72d1e5623a7494e4887b0d3f2f6a441c) Importer(815301076,1909f56bfc062723c751e8b465ee728b)
Start importing Assets/character/suitwoman/Ch11_nonPBR@Mma Kick.fbx using Guid(72d1e5623a7494e4887b0d3f2f6a441c) Importer(815301076,1909f56bfc062723c751e8b465ee728b)  -> (artifact id: 'efd5726162930b298efc8b92ee9d10ac') in 0.158021 seconds 
========================================================================
Received Import Request.
  Time since last request: 0.000037 seconds.
  path: Assets/character/suitwoman/Ch11_nonPBR@Sneak Walk.fbx
  artifactKey: Guid(08e736709ab2fb84a847ac0a6fe52640) Importer(815301076,1909f56bfc062723c751e8b465ee728b)
Start importing Assets/character/suitwoman/Ch11_nonPBR@Sneak Walk.fbx using Guid(08e736709ab2fb84a847ac0a6fe52640) Importer(815301076,1909f56bfc062723c751e8b465ee728b)  -> (artifact id: '7f6b737224d912b0d6910a1da768eda3') in 0.149138 seconds 
========================================================================
Received Import Request.
  Time since last request: 4.652175 seconds.
  path: Assets/character/suitwoman/Ch11_nonPBR@Head Hit.fbx
  artifactKey: Guid(78ffe8a1cfcb3964aa630c1cb8bfc5ef) Importer(815301076,1909f56bfc062723c751e8b465ee728b)
Start importing Assets/character/suitwoman/Ch11_nonPBR@Head Hit.fbx using Guid(78ffe8a1cfcb3964aa630c1cb8bfc5ef) Importer(815301076,1909f56bfc062723c751e8b465ee728b)  -> (artifact id: '5dc9cb14b2877dac0e8becfa51d3023a') in 0.213366 seconds 
========================================================================
Received Import Request.
  Time since last request: 0.000023 seconds.
  path: Assets/character/suitwoman/Ch11_nonPBR@Sneak Walk.fbx
  artifactKey: Guid(08e736709ab2fb84a847ac0a6fe52640) Importer(815301076,1909f56bfc062723c751e8b465ee728b)
Start importing Assets/character/suitwoman/Ch11_nonPBR@Sneak Walk.fbx using Guid(08e736709ab2fb84a847ac0a6fe52640) Importer(815301076,1909f56bfc062723c751e8b465ee728b)  -> (artifact id: '020df0e84b8141781f05b8822f890bb3') in 0.131903 seconds 
