Using pre-set license
Built from '2021.3/staging' branch; Version is '2021.3.14f1 (eee1884e7226) revision 15655304'; Using compiler version '192829333'; Build Type 'Release'
OS: 'Windows 10  (10.0.19045) 64bit CoreSingleLanguage' Language: 'en' Physical Memory: 7583 MB
BatchMode: 1, IsHumanControllingUs: 0, StartBugReporterOnCrash: 0, Is64bit: 1, IsPro: 1

COMMAND LINE ARGUMENTS:
C:\Program Files\Unity\Hub\Editor\2021.3.14f1\Editor\Unity.exe
-adb2
-batchMode
-noUpm
-name
AssetImportWorker4
-projectPath
C:/Users/yuvra/Desktop/Learnings/unity/2d/My project
-logFile
Logs/AssetImportWorker4.log
-srvPort
54805
Successfully changed project path to: C:/Users/yuvra/Desktop/Learnings/unity/2d/My project
C:/Users/yuvra/Desktop/Learnings/unity/2d/My project
[UnityMemory] Configuration Parameters - Can be set up in boot.config
    "memorysetup-bucket-allocator-granularity=16"
    "memorysetup-bucket-allocator-bucket-count=8"
    "memorysetup-bucket-allocator-block-size=33554432"
    "memorysetup-bucket-allocator-block-count=8"
    "memorysetup-main-allocator-block-size=16777216"
    "memorysetup-thread-allocator-block-size=16777216"
    "memorysetup-gfx-main-allocator-block-size=16777216"
    "memorysetup-gfx-thread-allocator-block-size=16777216"
    "memorysetup-cache-allocator-block-size=4194304"
    "memorysetup-typetree-allocator-block-size=2097152"
    "memorysetup-profiler-bucket-allocator-granularity=16"
    "memorysetup-profiler-bucket-allocator-bucket-count=8"
    "memorysetup-profiler-bucket-allocator-block-size=33554432"
    "memorysetup-profiler-bucket-allocator-block-count=8"
    "memorysetup-profiler-allocator-block-size=16777216"
    "memorysetup-profiler-editor-allocator-block-size=1048576"
    "memorysetup-temp-allocator-size-main=16777216"
    "memorysetup-job-temp-allocator-block-size=2097152"
    "memorysetup-job-temp-allocator-block-size-background=1048576"
    "memorysetup-job-temp-allocator-reduction-small-platforms=262144"
    "memorysetup-temp-allocator-size-background-worker=32768"
    "memorysetup-temp-allocator-size-job-worker=262144"
    "memorysetup-temp-allocator-size-preload-manager=33554432"
    "memorysetup-temp-allocator-size-nav-mesh-worker=65536"
    "memorysetup-temp-allocator-size-audio-worker=65536"
    "memorysetup-temp-allocator-size-cloud-worker=32768"
    "memorysetup-temp-allocator-size-gi-baking-worker=262144"
    "memorysetup-temp-allocator-size-gfx=262144"
Refreshing native plugins compatible for Editor in 122.08 ms, found 3 plugins.
Preloading 0 native plugins for Editor in 0.00 ms.
Initialize engine version: 2021.3.14f1 (eee1884e7226)
[Subsystems] Discovering subsystems at path C:/Program Files/Unity/Hub/Editor/2021.3.14f1/Editor/Data/Resources/UnitySubsystems
[Subsystems] Discovering subsystems at path C:/Users/yuvra/Desktop/Learnings/unity/2d/My project/Assets
GfxDevice: creating device client; threaded=0; jobified=0
Direct3D:
    Version:  Direct3D 11.0 [level 11.1]
    Renderer: NVIDIA GeForce GTX 1650 (ID=0x1f9d)
    Vendor:   NVIDIA
    VRAM:     3949 MB
    Driver:   31.0.15.3168
Initialize mono
Mono path[0] = 'C:/Program Files/Unity/Hub/Editor/2021.3.14f1/Editor/Data/Managed'
Mono path[1] = 'C:/Program Files/Unity/Hub/Editor/2021.3.14f1/Editor/Data/MonoBleedingEdge/lib/mono/unityjit-win32'
Mono config path = 'C:/Program Files/Unity/Hub/Editor/2021.3.14f1/Editor/Data/MonoBleedingEdge/etc'
Using monoOptions --debugger-agent=transport=dt_socket,embedding=1,server=y,suspend=n,address=127.0.0.1:56264
Begin MonoManager ReloadAssembly
Registering precompiled unity dll's ...
Register platform support module: C:/Program Files/Unity/Hub/Editor/2021.3.14f1/Editor/Data/PlaybackEngines/WebGLSupport/UnityEditor.WebGL.Extensions.dll
Register platform support module: C:/Program Files/Unity/Hub/Editor/2021.3.14f1/Editor/Data/PlaybackEngines/AndroidPlayer/UnityEditor.Android.Extensions.dll
Register platform support module: C:/Program Files/Unity/Hub/Editor/2021.3.14f1/Editor/Data/PlaybackEngines/WindowsStandaloneSupport/UnityEditor.WindowsStandalone.Extensions.dll
Registered in 0.013817 seconds.
Native extension for WindowsStandalone target not found
Native extension for Android target not found
Native extension for WebGL target not found
Refreshing native plugins compatible for Editor in 92.82 ms, found 3 plugins.
Preloading 0 native plugins for Editor in 0.00 ms.
Mono: successfully reloaded assembly
- Completed reload, in  0.788 seconds
Domain Reload Profiling:
	ReloadAssembly (789ms)
		BeginReloadAssembly (162ms)
			ExecutionOrderSort (0ms)
			DisableScriptedObjects (0ms)
			BackupInstance (0ms)
			ReleaseScriptingObjects (0ms)
			CreateAndSetChildDomain (1ms)
		EndReloadAssembly (501ms)
			LoadAssemblies (166ms)
			RebuildTransferFunctionScriptingTraits (0ms)
			SetupTypeCache (114ms)
			ReleaseScriptCaches (0ms)
			RebuildScriptCaches (25ms)
			SetupLoadedEditorAssemblies (295ms)
				LogAssemblyErrors (0ms)
				InitializePlatformSupportModulesInManaged (58ms)
				SetLoadedEditorAssemblies (1ms)
				RefreshPlugins (93ms)
				BeforeProcessingInitializeOnLoad (3ms)
				ProcessInitializeOnLoadAttributes (98ms)
				ProcessInitializeOnLoadMethodAttributes (42ms)
				AfterProcessingInitializeOnLoad (0ms)
				EditorAssembliesLoaded (0ms)
			ExecutionOrderSort2 (0ms)
			AwakeInstancesAfterBackupRestoration (0ms)
Platform modules already initialized, skipping
Registering precompiled user dll's ...
Registered in 0.007545 seconds.
Android Extension - Scanning For ADB Devices 4809 ms
Begin MonoManager ReloadAssembly
Symbol file LoadedFromMemory doesn't match image C:\Users\yuvra\Desktop\Learnings\unity\2d\My project\Library\PackageCache\com.unity.visualscripting@1.7.8\Editor\VisualScripting.Core\Dependencies\YamlDotNet\Unity.VisualScripting.YamlDotNet.dll
Symbol file LoadedFromMemory doesn't match image C:\Users\yuvra\Desktop\Learnings\unity\2d\My project\Library\PackageCache\com.unity.visualscripting@1.7.8\Editor\VisualScripting.Core\Dependencies\DotNetZip\Unity.VisualScripting.IonicZip.dll
Native extension for WindowsStandalone target not found
Native extension for Android target not found
Native extension for WebGL target not found
Refreshing native plugins compatible for Editor in 129.14 ms, found 3 plugins.
Preloading 0 native plugins for Editor in 0.00 ms.
Mono: successfully reloaded assembly
- Completed reload, in  4.098 seconds
Domain Reload Profiling:
	ReloadAssembly (4100ms)
		BeginReloadAssembly (272ms)
			ExecutionOrderSort (0ms)
			DisableScriptedObjects (8ms)
			BackupInstance (0ms)
			ReleaseScriptingObjects (0ms)
			CreateAndSetChildDomain (58ms)
		EndReloadAssembly (3627ms)
			LoadAssemblies (397ms)
			RebuildTransferFunctionScriptingTraits (0ms)
			SetupTypeCache (532ms)
			ReleaseScriptCaches (1ms)
			RebuildScriptCaches (106ms)
			SetupLoadedEditorAssemblies (2581ms)
				LogAssemblyErrors (0ms)
				InitializePlatformSupportModulesInManaged (25ms)
				SetLoadedEditorAssemblies (0ms)
				RefreshPlugins (129ms)
				BeforeProcessingInitializeOnLoad (159ms)
				ProcessInitializeOnLoadAttributes (552ms)
				ProcessInitializeOnLoadMethodAttributes (1704ms)
				AfterProcessingInitializeOnLoad (11ms)
				EditorAssembliesLoaded (0ms)
			ExecutionOrderSort2 (0ms)
			AwakeInstancesAfterBackupRestoration (11ms)
Platform modules already initialized, skipping
========================================================================
Worker process is ready to serve import requests
Launched and connected shader compiler UnityShaderCompiler.exe after 0.11 seconds
Refreshing native plugins compatible for Editor in 3.01 ms, found 3 plugins.
Preloading 0 native plugins for Editor in 0.00 ms.
Unloading 3982 Unused Serialized files (Serialized files now loaded: 0)
Unloading 50 unused Assets / (1.1 MB). Loaded Objects now: 4457.
Memory consumption went from 163.8 MB to 162.8 MB.
Total: 17.295700 ms (FindLiveObjects: 1.598200 ms CreateObjectMapping: 0.785300 ms MarkObjects: 13.348300 ms  DeleteObjects: 1.556400 ms)

AssetImportParameters requested are different than current active one (requested -> active):
  custom:video-decoder-ogg-theora: a1e56fd34408186e4bbccfd4996cb3dc -> 
  custom:container-muxer-webm: aa71ff27fc2769a1b78a27578f13a17b -> 
  custom:container-demuxer-webm: 4f35f7cbe854078d1ac9338744f61a02 -> 
  custom:video-encoder-webm-vp8: eb34c28f22e8b96e1ab97ce403110664 -> 
  custom:video-codec-MediaFoundation-h265: 746d11721c4dcdbdad8f713fa42b33f4 -> 
  custom:audio-encoder-webm-vorbis: bf7c407c2cedff20999df2af8eb42d56 -> 
  custom:framework-win-MediaFoundation: 216162199b28c13a410421893ffa2e32 -> 
  custom:container-demuxer-ogg: 62fdf1f143b41e24485cea50d1cbac27 -> 
  custom:video-decoder-webm-vp8: 9c59270c3fd7afecdb556c50c9e8de78 -> 
  custom:audio-decoder-ogg-vorbis: bf7c407c2cedff20999df2af8eb42d56 -> 
========================================================================
Received Import Request.
  Time since last request: 1910444.725459 seconds.
  path: Assets/character/suitwoman/Ch11_nonPBR@Crouch Idle.fbx
  artifactKey: Guid(ec78f75edeb3f684ba72127be9ef342e) Importer(815301076,1909f56bfc062723c751e8b465ee728b)
Start importing Assets/character/suitwoman/Ch11_nonPBR@Crouch Idle.fbx using Guid(ec78f75edeb3f684ba72127be9ef342e) Importer(815301076,1909f56bfc062723c751e8b465ee728b)  -> (artifact id: 'fd2b74afbfa08c670fd0b3b71f4051c9') in 0.286967 seconds 
========================================================================
Received Import Request.
  Time since last request: 41.102480 seconds.
  path: Assets/character/suitwoman/Ch11_nonPBR@Crouch Idle.fbx
  artifactKey: Guid(ec78f75edeb3f684ba72127be9ef342e) Importer(815301076,1909f56bfc062723c751e8b465ee728b)
Start importing Assets/character/suitwoman/Ch11_nonPBR@Crouch Idle.fbx using Guid(ec78f75edeb3f684ba72127be9ef342e) Importer(815301076,1909f56bfc062723c751e8b465ee728b)  -> (artifact id: '9a6045c348c6568d406f82adf0ebbfac') in 0.150690 seconds 
========================================================================
Received Import Request.
  Time since last request: 171.291636 seconds.
  path: Assets/animations
  artifactKey: Guid(a58339007aef721429e44465def39255) Importer(815301076,1909f56bfc062723c751e8b465ee728b)
Start importing Assets/animations using Guid(a58339007aef721429e44465def39255) Importer(815301076,1909f56bfc062723c751e8b465ee728b)  -> (artifact id: '996ef02370fbb6a2a518f3fd965d85b8') in 0.018064 seconds 
========================================================================
Received Import Request.
  Time since last request: 22.186957 seconds.
  path: Assets/animations/player.controller
  artifactKey: Guid(c9c1cccb6e412a8439d1838a0450c223) Importer(815301076,1909f56bfc062723c751e8b465ee728b)
Start importing Assets/animations/player.controller using Guid(c9c1cccb6e412a8439d1838a0450c223) Importer(815301076,1909f56bfc062723c751e8b465ee728b)  -> (artifact id: '91f1e920f95678103e7f305de8c34707') in 0.024143 seconds 
========================================================================
Received Import Request.
  Time since last request: 24.080668 seconds.
  path: Packages/com.unity.cinemachine/Tests/Runtime/TestController.controller
  artifactKey: Guid(713b772b1d0f74133a8ce94956352a48) Importer(815301076,1909f56bfc062723c751e8b465ee728b)
Start importing Packages/com.unity.cinemachine/Tests/Runtime/TestController.controller using Guid(713b772b1d0f74133a8ce94956352a48) Importer(815301076,1909f56bfc062723c751e8b465ee728b)  -> (artifact id: 'd20c22d6b9b1ac80a3f5094d79774cbe') in 0.020956 seconds 
========================================================================
Received Import Request.
  Time since last request: 751.748536 seconds.
  path: Assets/character/suitwoman/Getting Hit Backwards.fbx
  artifactKey: Guid(5eb9bdfe8e6a1ca48be095a821cf8a5f) Importer(815301076,1909f56bfc062723c751e8b465ee728b)
Start importing Assets/character/suitwoman/Getting Hit Backwards.fbx using Guid(5eb9bdfe8e6a1ca48be095a821cf8a5f) Importer(815301076,1909f56bfc062723c751e8b465ee728b)  -> (artifact id: 'fc17524f2107d443b1f7adb784d57579') in 0.034088 seconds 
========================================================================
Received Import Request.
  Time since last request: 28.681129 seconds.
  path: Assets/character/suitwoman/Ch11_nonPBR@Crouch Idle 1.fbx
  artifactKey: Guid(002adae44358bd04aa3065cc3c454d9c) Importer(815301076,1909f56bfc062723c751e8b465ee728b)
Start importing Assets/character/suitwoman/Ch11_nonPBR@Crouch Idle 1.fbx using Guid(002adae44358bd04aa3065cc3c454d9c) Importer(815301076,1909f56bfc062723c751e8b465ee728b)  -> (artifact id: '5d2abdabbe515fda94c7fdf4d4943f8e') in 0.151342 seconds 
========================================================================
Received Import Request.
  Time since last request: 48.191419 seconds.
  path: Assets/animations/player.controller
  artifactKey: Guid(c9c1cccb6e412a8439d1838a0450c223) Importer(815301076,1909f56bfc062723c751e8b465ee728b)
Start importing Assets/animations/player.controller using Guid(c9c1cccb6e412a8439d1838a0450c223) Importer(815301076,1909f56bfc062723c751e8b465ee728b)  -> (artifact id: 'a71e088b3a730db43fb8b22427253535') in 0.015396 seconds 
========================================================================
Received Import Request.
  Time since last request: 48.599189 seconds.
  path: Assets/character/mutant/Mutant.zip
  artifactKey: Guid(0f31a2350f1fa7640b04ace203ce62f9) Importer(815301076,1909f56bfc062723c751e8b465ee728b)
Start importing Assets/character/mutant/Mutant.zip using Guid(0f31a2350f1fa7640b04ace203ce62f9) Importer(815301076,1909f56bfc062723c751e8b465ee728b)  -> (artifact id: 'f6d767d377a8d0b4622fd98e16ccdcf1') in 0.028254 seconds 
========================================================================
Received Import Request.
  Time since last request: 14.460649 seconds.
  path: Assets/character/mutant/Mutant.dae
  artifactKey: Guid(ca028c45e118c8143a42fde9305abe18) Importer(815301076,1909f56bfc062723c751e8b465ee728b)
Start importing Assets/character/mutant/Mutant.dae using Guid(ca028c45e118c8143a42fde9305abe18) Importer(815301076,1909f56bfc062723c751e8b465ee728b)  -> (artifact id: 'd3f8d5c5499df009912a817badeb19a5') in 0.114515 seconds 
========================================================================
Received Import Request.
  Time since last request: 0.000147 seconds.
  path: Assets/character/mutant/Mutant@Walk Strafe Left.fbx
  artifactKey: Guid(7d3f51e1e26ad7c4f8b4ff6c533c67c3) Importer(815301076,1909f56bfc062723c751e8b465ee728b)
Start importing Assets/character/mutant/Mutant@Walk Strafe Left.fbx using Guid(7d3f51e1e26ad7c4f8b4ff6c533c67c3) Importer(815301076,1909f56bfc062723c751e8b465ee728b)  -> (artifact id: '4471cface1ab63220dd6d961fc3f2cb4') in 0.152087 seconds 
========================================================================
Received Import Request.
  Time since last request: 0.000224 seconds.
  path: Assets/character/mutant/Mutant@Mutant Jump Attack.fbx
  artifactKey: Guid(db22ffeef10893745b8b73223d8d5e88) Importer(815301076,1909f56bfc062723c751e8b465ee728b)
Start importing Assets/character/mutant/Mutant@Mutant Jump Attack.fbx using Guid(db22ffeef10893745b8b73223d8d5e88) Importer(815301076,1909f56bfc062723c751e8b465ee728b)  -> (artifact id: '23a1d8e0f07029159adcf90099c2be39') in 0.123991 seconds 
========================================================================
Received Import Request.
  Time since last request: 0.000149 seconds.
  path: Assets/character/mutant/Mutant@Standing Melee Attack Backhand.fbx
  artifactKey: Guid(8b6ad10fee77d244ab91bdb28437c25b) Importer(815301076,1909f56bfc062723c751e8b465ee728b)
Start importing Assets/character/mutant/Mutant@Standing Melee Attack Backhand.fbx using Guid(8b6ad10fee77d244ab91bdb28437c25b) Importer(815301076,1909f56bfc062723c751e8b465ee728b)  -> (artifact id: '3a3124a8c223075335f067d87d326fd7') in 0.093426 seconds 
========================================================================
Received Import Request.
  Time since last request: 0.000101 seconds.
  path: Assets/character/mutant/Mutant@Dying.fbx
  artifactKey: Guid(170b2fd0f5fe33a41991c5cc75b5e975) Importer(815301076,1909f56bfc062723c751e8b465ee728b)
Start importing Assets/character/mutant/Mutant@Dying.fbx using Guid(170b2fd0f5fe33a41991c5cc75b5e975) Importer(815301076,1909f56bfc062723c751e8b465ee728b)  -> (artifact id: 'eeb1df02f3cc361addd195078da83d58') in 0.110600 seconds 
========================================================================
Received Import Request.
  Time since last request: 0.000178 seconds.
  path: Assets/character/mutant/Mutant@Unarmed Walk Forward.fbx
  artifactKey: Guid(c9449ee237ad7a249a4ee120c641f7d9) Importer(815301076,1909f56bfc062723c751e8b465ee728b)
Start importing Assets/character/mutant/Mutant@Unarmed Walk Forward.fbx using Guid(c9449ee237ad7a249a4ee120c641f7d9) Importer(815301076,1909f56bfc062723c751e8b465ee728b)  -> (artifact id: '578e6f17794bbc6cb167d3b7ac109b39') in 0.079037 seconds 
========================================================================
Received Import Request.
  Time since last request: 2.358313 seconds.
  path: Assets/character/mutant/Mutant.fbx
  artifactKey: Guid(dc250de6aafa4dd4c8987fc2ccc79ed5) Importer(815301076,1909f56bfc062723c751e8b465ee728b)
Start importing Assets/character/mutant/Mutant.fbx using Guid(dc250de6aafa4dd4c8987fc2ccc79ed5) Importer(815301076,1909f56bfc062723c751e8b465ee728b)  -> (artifact id: '52c65c4e248d0754b6ff37efaa516363') in 0.136234 seconds 
========================================================================
Received Import Request.
  Time since last request: 0.000150 seconds.
  path: Assets/character/mutant/Mutant@Walk Strafe Left.fbx
  artifactKey: Guid(7d3f51e1e26ad7c4f8b4ff6c533c67c3) Importer(815301076,1909f56bfc062723c751e8b465ee728b)
Start importing Assets/character/mutant/Mutant@Walk Strafe Left.fbx using Guid(7d3f51e1e26ad7c4f8b4ff6c533c67c3) Importer(815301076,1909f56bfc062723c751e8b465ee728b)  -> (artifact id: 'ca375a482ee37cdefbd95c156c8a84fb') in 0.118253 seconds 
========================================================================
Received Import Request.
  Time since last request: 0.000226 seconds.
  path: Assets/character/mutant/Mutant@Standing Melee Attack Backhand.fbx
  artifactKey: Guid(8b6ad10fee77d244ab91bdb28437c25b) Importer(815301076,1909f56bfc062723c751e8b465ee728b)
Start importing Assets/character/mutant/Mutant@Standing Melee Attack Backhand.fbx using Guid(8b6ad10fee77d244ab91bdb28437c25b) Importer(815301076,1909f56bfc062723c751e8b465ee728b)  -> (artifact id: 'cf623559fe206420f5d4ac1467b59cdc') in 0.101525 seconds 
========================================================================
Received Import Request.
  Time since last request: 52.476407 seconds.
  path: Assets/scripts
  artifactKey: Guid(a884260d61199084496a73c17ba8aebe) Importer(815301076,1909f56bfc062723c751e8b465ee728b)
Start importing Assets/scripts using Guid(a884260d61199084496a73c17ba8aebe) Importer(815301076,1909f56bfc062723c751e8b465ee728b)  -> (artifact id: 'f6d79970d1868168f5274db865c42903') in 0.019609 seconds 
========================================================================
Received Import Request.
  Time since last request: 18.504692 seconds.
  path: Assets/scripts/player controller.cs
  artifactKey: Guid(e865ffd5a8dc58c49b6fe4730b48a503) Importer(815301076,1909f56bfc062723c751e8b465ee728b)
Start importing Assets/scripts/player controller.cs using Guid(e865ffd5a8dc58c49b6fe4730b48a503) Importer(815301076,1909f56bfc062723c751e8b465ee728b)  -> (artifact id: '21b8038fa4eb2cc74e0d5925948a5d18') in 0.037016 seconds 
========================================================================
Received Prepare
Registering precompiled user dll's ...
Registered in 0.008295 seconds.
Begin MonoManager ReloadAssembly
Symbol file LoadedFromMemory doesn't match image C:\Users\yuvra\Desktop\Learnings\unity\2d\My project\Library\PackageCache\com.unity.visualscripting@1.7.8\Editor\VisualScripting.Core\Dependencies\YamlDotNet\Unity.VisualScripting.YamlDotNet.dll
Symbol file LoadedFromMemory doesn't match image C:\Users\yuvra\Desktop\Learnings\unity\2d\My project\Library\PackageCache\com.unity.visualscripting@1.7.8\Editor\VisualScripting.Core\Dependencies\DotNetZip\Unity.VisualScripting.IonicZip.dll
Native extension for WindowsStandalone target not found
Native extension for Android target not found
Native extension for WebGL target not found
Refreshing native plugins compatible for Editor in 4.47 ms, found 3 plugins.
Preloading 0 native plugins for Editor in 0.00 ms.
Mono: successfully reloaded assembly
- Completed reload, in  4.756 seconds
Domain Reload Profiling:
	ReloadAssembly (4759ms)
		BeginReloadAssembly (2229ms)
			ExecutionOrderSort (1ms)
			DisableScriptedObjects (90ms)
			BackupInstance (0ms)
			ReleaseScriptingObjects (0ms)
			CreateAndSetChildDomain (983ms)
		EndReloadAssembly (2104ms)
			LoadAssemblies (1001ms)
			RebuildTransferFunctionScriptingTraits (0ms)
			SetupTypeCache (850ms)
			ReleaseScriptCaches (4ms)
			RebuildScriptCaches (82ms)
			SetupLoadedEditorAssemblies (670ms)
				LogAssemblyErrors (0ms)
				InitializePlatformSupportModulesInManaged (67ms)
				SetLoadedEditorAssemblies (3ms)
				RefreshPlugins (5ms)
				BeforeProcessingInitializeOnLoad (120ms)
				ProcessInitializeOnLoadAttributes (428ms)
				ProcessInitializeOnLoadMethodAttributes (32ms)
				AfterProcessingInitializeOnLoad (16ms)
				EditorAssembliesLoaded (0ms)
			ExecutionOrderSort2 (0ms)
			AwakeInstancesAfterBackupRestoration (8ms)
Platform modules already initialized, skipping
Refreshing native plugins compatible for Editor in 11.02 ms, found 3 plugins.
Preloading 0 native plugins for Editor in 0.00 ms.
Unloading 3949 Unused Serialized files (Serialized files now loaded: 0)
Unloading 29 unused Assets / (1.1 MB). Loaded Objects now: 4518.
Memory consumption went from 178.1 MB to 177.0 MB.
Total: 33.607600 ms (FindLiveObjects: 1.099400 ms CreateObjectMapping: 1.548200 ms MarkObjects: 29.382200 ms  DeleteObjects: 1.572900 ms)

AssetImportParameters requested are different than current active one (requested -> active):
  custom:video-decoder-ogg-theora: a1e56fd34408186e4bbccfd4996cb3dc -> 
  custom:container-muxer-webm: aa71ff27fc2769a1b78a27578f13a17b -> 
  custom:container-demuxer-webm: 4f35f7cbe854078d1ac9338744f61a02 -> 
  custom:video-encoder-webm-vp8: eb34c28f22e8b96e1ab97ce403110664 -> 
  custom:video-codec-MediaFoundation-h265: 746d11721c4dcdbdad8f713fa42b33f4 -> 
  custom:audio-encoder-webm-vorbis: bf7c407c2cedff20999df2af8eb42d56 -> 
  custom:framework-win-MediaFoundation: 216162199b28c13a410421893ffa2e32 -> 
  custom:container-demuxer-ogg: 62fdf1f143b41e24485cea50d1cbac27 -> 
  custom:video-decoder-webm-vp8: 9c59270c3fd7afecdb556c50c9e8de78 -> 
  custom:audio-decoder-ogg-vorbis: bf7c407c2cedff20999df2af8eb42d56 -> 
========================================================================
Received Import Request.
  Time since last request: 186.546766 seconds.
  path: Assets/scripts/player controller.cs
  artifactKey: Guid(e865ffd5a8dc58c49b6fe4730b48a503) Importer(815301076,1909f56bfc062723c751e8b465ee728b)
Start importing Assets/scripts/player controller.cs using Guid(e865ffd5a8dc58c49b6fe4730b48a503) Importer(815301076,1909f56bfc062723c751e8b465ee728b)  -> (artifact id: '0d1d8f0d60d0a9ece05b334ad66a47bb') in 0.056198 seconds 
========================================================================
Received Prepare
Registering precompiled user dll's ...
Registered in 0.006046 seconds.
Begin MonoManager ReloadAssembly
Symbol file LoadedFromMemory doesn't match image C:\Users\yuvra\Desktop\Learnings\unity\2d\My project\Library\PackageCache\com.unity.visualscripting@1.7.8\Editor\VisualScripting.Core\Dependencies\YamlDotNet\Unity.VisualScripting.YamlDotNet.dll
Symbol file LoadedFromMemory doesn't match image C:\Users\yuvra\Desktop\Learnings\unity\2d\My project\Library\PackageCache\com.unity.visualscripting@1.7.8\Editor\VisualScripting.Core\Dependencies\DotNetZip\Unity.VisualScripting.IonicZip.dll
Native extension for WindowsStandalone target not found
Native extension for Android target not found
Native extension for WebGL target not found
Refreshing native plugins compatible for Editor in 2.12 ms, found 3 plugins.
Preloading 0 native plugins for Editor in 0.00 ms.
Mono: successfully reloaded assembly
- Completed reload, in  1.660 seconds
Domain Reload Profiling:
	ReloadAssembly (1662ms)
		BeginReloadAssembly (368ms)
			ExecutionOrderSort (0ms)
			DisableScriptedObjects (8ms)
			BackupInstance (0ms)
			ReleaseScriptingObjects (0ms)
			CreateAndSetChildDomain (106ms)
		EndReloadAssembly (1165ms)
			LoadAssemblies (322ms)
			RebuildTransferFunctionScriptingTraits (0ms)
			SetupTypeCache (408ms)
			ReleaseScriptCaches (3ms)
			RebuildScriptCaches (48ms)
			SetupLoadedEditorAssemblies (449ms)
				LogAssemblyErrors (0ms)
				InitializePlatformSupportModulesInManaged (25ms)
				SetLoadedEditorAssemblies (1ms)
				RefreshPlugins (2ms)
				BeforeProcessingInitializeOnLoad (74ms)
				ProcessInitializeOnLoadAttributes (307ms)
				ProcessInitializeOnLoadMethodAttributes (30ms)
				AfterProcessingInitializeOnLoad (10ms)
				EditorAssembliesLoaded (1ms)
			ExecutionOrderSort2 (0ms)
			AwakeInstancesAfterBackupRestoration (7ms)
Platform modules already initialized, skipping
Refreshing native plugins compatible for Editor in 7.68 ms, found 3 plugins.
Preloading 0 native plugins for Editor in 0.00 ms.
Unloading 3949 Unused Serialized files (Serialized files now loaded: 0)
Unloading 29 unused Assets / (1.1 MB). Loaded Objects now: 4533.
Memory consumption went from 178.2 MB to 177.1 MB.
Total: 5.876700 ms (FindLiveObjects: 0.419600 ms CreateObjectMapping: 0.115400 ms MarkObjects: 4.439100 ms  DeleteObjects: 0.901100 ms)

AssetImportParameters requested are different than current active one (requested -> active):
  custom:video-decoder-ogg-theora: a1e56fd34408186e4bbccfd4996cb3dc -> 
  custom:container-muxer-webm: aa71ff27fc2769a1b78a27578f13a17b -> 
  custom:container-demuxer-webm: 4f35f7cbe854078d1ac9338744f61a02 -> 
  custom:video-encoder-webm-vp8: eb34c28f22e8b96e1ab97ce403110664 -> 
  custom:video-codec-MediaFoundation-h265: 746d11721c4dcdbdad8f713fa42b33f4 -> 
  custom:audio-encoder-webm-vorbis: bf7c407c2cedff20999df2af8eb42d56 -> 
  custom:framework-win-MediaFoundation: 216162199b28c13a410421893ffa2e32 -> 
  custom:container-demuxer-ogg: 62fdf1f143b41e24485cea50d1cbac27 -> 
  custom:video-decoder-webm-vp8: 9c59270c3fd7afecdb556c50c9e8de78 -> 
  custom:audio-decoder-ogg-vorbis: bf7c407c2cedff20999df2af8eb42d56 -> 
========================================================================
Received Import Request.
  Time since last request: 442.329419 seconds.
  path: Assets/character/mutant/Mutant.fbx
  artifactKey: Guid(dc250de6aafa4dd4c8987fc2ccc79ed5) Importer(815301076,1909f56bfc062723c751e8b465ee728b)
Start importing Assets/character/mutant/Mutant.fbx using Guid(dc250de6aafa4dd4c8987fc2ccc79ed5) Importer(815301076,1909f56bfc062723c751e8b465ee728b)  -> (artifact id: '7a79987b8155662c7deb2b2ba896b9f3') in 0.944003 seconds 
========================================================================
Received Import Request.
  Time since last request: 0.000180 seconds.
  path: Assets/character/mutant/Mutant@Walk Strafe Left.fbx
  artifactKey: Guid(7d3f51e1e26ad7c4f8b4ff6c533c67c3) Importer(815301076,1909f56bfc062723c751e8b465ee728b)
Start importing Assets/character/mutant/Mutant@Walk Strafe Left.fbx using Guid(7d3f51e1e26ad7c4f8b4ff6c533c67c3) Importer(815301076,1909f56bfc062723c751e8b465ee728b)  -> (artifact id: '0347f7c1fd8bedff4a30e004c228436a') in 0.139183 seconds 
========================================================================
Received Import Request.
  Time since last request: 0.000219 seconds.
  path: Assets/character/mutant/Mutant@Standing Melee Attack Backhand.fbx
  artifactKey: Guid(8b6ad10fee77d244ab91bdb28437c25b) Importer(815301076,1909f56bfc062723c751e8b465ee728b)
Start importing Assets/character/mutant/Mutant@Standing Melee Attack Backhand.fbx using Guid(8b6ad10fee77d244ab91bdb28437c25b) Importer(815301076,1909f56bfc062723c751e8b465ee728b)  -> (artifact id: '2b0aee6c39270021937155c2c44a2958') in 0.147303 seconds 
========================================================================
Received Import Request.
  Time since last request: 0.000067 seconds.
  path: Assets/character/mutant/Mutant@Unarmed Walk Forward.fbx
  artifactKey: Guid(c9449ee237ad7a249a4ee120c641f7d9) Importer(815301076,1909f56bfc062723c751e8b465ee728b)
Start importing Assets/character/mutant/Mutant@Unarmed Walk Forward.fbx using Guid(c9449ee237ad7a249a4ee120c641f7d9) Importer(815301076,1909f56bfc062723c751e8b465ee728b)  -> (artifact id: '61fb0b49c9bc26af93e033d643093a9e') in 0.131151 seconds 
========================================================================
Received Import Request.
  Time since last request: 119.300696 seconds.
  path: Assets/character/mutant/Mutant.dae
  artifactKey: Guid(ca028c45e118c8143a42fde9305abe18) Importer(815301076,1909f56bfc062723c751e8b465ee728b)
Start importing Assets/character/mutant/Mutant.dae using Guid(ca028c45e118c8143a42fde9305abe18) Importer(815301076,1909f56bfc062723c751e8b465ee728b)  -> (artifact id: '72755f600b4d3a3ca6be86e6eb3288fc') in 0.084670 seconds 
========================================================================
Received Import Request.
  Time since last request: 700.322374 seconds.
  path: Assets/character/mutant/Dying.fbx
  artifactKey: Guid(716f6f500f0bdc042a79af6c919d001e) Importer(815301076,1909f56bfc062723c751e8b465ee728b)
Start importing Assets/character/mutant/Dying.fbx using Guid(716f6f500f0bdc042a79af6c919d001e) Importer(815301076,1909f56bfc062723c751e8b465ee728b)  -> (artifact id: '217b5b1c3bb9a0ccb746b960dddfde62') in 0.070356 seconds 
========================================================================
Received Import Request.
  Time since last request: 0.000081 seconds.
  path: Assets/character/mutant/Mutant Swiping.fbx
  artifactKey: Guid(a672368e816e0d14383efab8e9e9ec91) Importer(815301076,1909f56bfc062723c751e8b465ee728b)
Start importing Assets/character/mutant/Mutant Swiping.fbx using Guid(a672368e816e0d14383efab8e9e9ec91) Importer(815301076,1909f56bfc062723c751e8b465ee728b)  -> (artifact id: 'ce4114cf093d6e10598cd9a6faf33b0e') in 0.036726 seconds 
========================================================================
Received Import Request.
  Time since last request: 0.000065 seconds.
  path: Assets/character/mutant/Mutant Roaring.fbx
  artifactKey: Guid(006cd77870bc83f4b91a1a57f01b276f) Importer(815301076,1909f56bfc062723c751e8b465ee728b)
Start importing Assets/character/mutant/Mutant Roaring.fbx using Guid(006cd77870bc83f4b91a1a57f01b276f) Importer(815301076,1909f56bfc062723c751e8b465ee728b)  -> (artifact id: '503053e884055be333484273ba2e0cca') in 0.048037 seconds 
========================================================================
Received Import Request.
  Time since last request: 566.072406 seconds.
  path: Assets/character/player
  artifactKey: Guid(f8ffc78d181632e4aa27d18fc6f3109d) Importer(815301076,1909f56bfc062723c751e8b465ee728b)
Start importing Assets/character/player using Guid(f8ffc78d181632e4aa27d18fc6f3109d) Importer(815301076,1909f56bfc062723c751e8b465ee728b)  -> (artifact id: '7bb34b4d5ed281ec6889f1266ba13d18') in 0.023659 seconds 
========================================================================
Received Import Request.
  Time since last request: 6.820805 seconds.
  path: Assets/character/player/Ch11_nonPBR.fbx
  artifactKey: Guid(d9e48e33b26efc4428d62d301478518e) Importer(815301076,1909f56bfc062723c751e8b465ee728b)
Start importing Assets/character/player/Ch11_nonPBR.fbx using Guid(d9e48e33b26efc4428d62d301478518e) Importer(815301076,1909f56bfc062723c751e8b465ee728b)  -> (artifact id: '1c8b4ff2f73078942b3703055b917c7a') in 0.349642 seconds 
========================================================================
Received Import Request.
  Time since last request: 22.751026 seconds.
  path: Assets/character/player/Ch11_nonPBR.fbx
  artifactKey: Guid(d9e48e33b26efc4428d62d301478518e) Importer(815301076,1909f56bfc062723c751e8b465ee728b)
Start importing Assets/character/player/Ch11_nonPBR.fbx using Guid(d9e48e33b26efc4428d62d301478518e) Importer(815301076,1909f56bfc062723c751e8b465ee728b)  -> (artifact id: 'ff3b6b507545d25f1aae0815449bd20c') in 0.162002 seconds 
========================================================================
Received Import Request.
  Time since last request: 29.073163 seconds.
  path: Assets/character/player/textures
  artifactKey: Guid(266f7105cd083d148aa442c72012bf5d) Importer(815301076,1909f56bfc062723c751e8b465ee728b)
Start importing Assets/character/player/textures using Guid(266f7105cd083d148aa442c72012bf5d) Importer(815301076,1909f56bfc062723c751e8b465ee728b)  -> (artifact id: '13bc8c8b47e6a03ad9679c03a130e963') in 0.016214 seconds 
========================================================================
Received Import Request.
  Time since last request: 19.652407 seconds.
  path: Assets/character/player/Ch11_nonPBR.fbx
  artifactKey: Guid(d9e48e33b26efc4428d62d301478518e) Importer(815301076,1909f56bfc062723c751e8b465ee728b)
Start importing Assets/character/player/Ch11_nonPBR.fbx using Guid(d9e48e33b26efc4428d62d301478518e) Importer(815301076,1909f56bfc062723c751e8b465ee728b)  -> (artifact id: '27164e65ff3d8f714280f753f6f2e537') in 0.181016 seconds 
========================================================================
Received Import Request.
  Time since last request: 3.872254 seconds.
  path: Assets/character/player/Ch11_nonPBR.fbx
  artifactKey: Guid(d9e48e33b26efc4428d62d301478518e) Importer(815301076,1909f56bfc062723c751e8b465ee728b)
Start importing Assets/character/player/Ch11_nonPBR.fbx using Guid(d9e48e33b26efc4428d62d301478518e) Importer(815301076,1909f56bfc062723c751e8b465ee728b)  -> (artifact id: '489902ac716ebdf431d3581e016a4040') in 0.239724 seconds 
========================================================================
Received Import Request.
  Time since last request: 274.324592 seconds.
  path: Assets/Ch11_nonPBR@Mma Kick.fbx
  artifactKey: Guid(eb78751d82c35714ab9d3108d438ca21) Importer(815301076,1909f56bfc062723c751e8b465ee728b)
Start importing Assets/Ch11_nonPBR@Mma Kick.fbx using Guid(eb78751d82c35714ab9d3108d438ca21) Importer(815301076,1909f56bfc062723c751e8b465ee728b)  -> (artifact id: 'a52b5ad6ff508689402e2cdf7d86564c') in 0.032863 seconds 
========================================================================
Received Import Request.
  Time since last request: 11.745610 seconds.
  path: Assets/character/player/Ch11_nonPBR.fbx
  artifactKey: Guid(d9e48e33b26efc4428d62d301478518e) Importer(815301076,1909f56bfc062723c751e8b465ee728b)
Start importing Assets/character/player/Ch11_nonPBR.fbx using Guid(d9e48e33b26efc4428d62d301478518e) Importer(815301076,1909f56bfc062723c751e8b465ee728b)  -> (artifact id: '2f4f2d52bc8f058d5d271e15a47f1f3d') in 0.187516 seconds 
