Using pre-set license
Built from '2021.3/staging' branch; Version is '2021.3.14f1 (eee1884e7226) revision 15655304'; Using compiler version '192829333'; Build Type 'Release'
OS: 'Windows 10  (10.0.19045) 64bit CoreSingleLanguage' Language: 'en' Physical Memory: 7583 MB
BatchMode: 1, IsHumanControllingUs: 0, StartBugReporterOnCrash: 0, Is64bit: 1, IsPro: 1

COMMAND LINE ARGUMENTS:
C:\Program Files\Unity\Hub\Editor\2021.3.14f1\Editor\Unity.exe
-adb2
-batchMode
-noUpm
-name
AssetImportWorker1
-projectPath
C:/Users/yuvra/Desktop/Learnings/unity/2d/My project
-logFile
Logs/AssetImportWorker1.log
-srvPort
64739
Successfully changed project path to: C:/Users/yuvra/Desktop/Learnings/unity/2d/My project
C:/Users/yuvra/Desktop/Learnings/unity/2d/My project
[UnityMemory] Configuration Parameters - Can be set up in boot.config
    "memorysetup-bucket-allocator-granularity=16"
    "memorysetup-bucket-allocator-bucket-count=8"
    "memorysetup-bucket-allocator-block-size=33554432"
    "memorysetup-bucket-allocator-block-count=8"
    "memorysetup-main-allocator-block-size=16777216"
    "memorysetup-thread-allocator-block-size=16777216"
    "memorysetup-gfx-main-allocator-block-size=16777216"
    "memorysetup-gfx-thread-allocator-block-size=16777216"
    "memorysetup-cache-allocator-block-size=4194304"
    "memorysetup-typetree-allocator-block-size=2097152"
    "memorysetup-profiler-bucket-allocator-granularity=16"
    "memorysetup-profiler-bucket-allocator-bucket-count=8"
    "memorysetup-profiler-bucket-allocator-block-size=33554432"
    "memorysetup-profiler-bucket-allocator-block-count=8"
    "memorysetup-profiler-allocator-block-size=16777216"
    "memorysetup-profiler-editor-allocator-block-size=1048576"
    "memorysetup-temp-allocator-size-main=16777216"
    "memorysetup-job-temp-allocator-block-size=2097152"
    "memorysetup-job-temp-allocator-block-size-background=1048576"
    "memorysetup-job-temp-allocator-reduction-small-platforms=262144"
    "memorysetup-temp-allocator-size-background-worker=32768"
    "memorysetup-temp-allocator-size-job-worker=262144"
    "memorysetup-temp-allocator-size-preload-manager=33554432"
    "memorysetup-temp-allocator-size-nav-mesh-worker=65536"
    "memorysetup-temp-allocator-size-audio-worker=65536"
    "memorysetup-temp-allocator-size-cloud-worker=32768"
    "memorysetup-temp-allocator-size-gi-baking-worker=262144"
    "memorysetup-temp-allocator-size-gfx=262144"
Refreshing native plugins compatible for Editor in 72.00 ms, found 3 plugins.
Preloading 0 native plugins for Editor in 0.00 ms.
Initialize engine version: 2021.3.14f1 (eee1884e7226)
[Subsystems] Discovering subsystems at path C:/Program Files/Unity/Hub/Editor/2021.3.14f1/Editor/Data/Resources/UnitySubsystems
[Subsystems] Discovering subsystems at path C:/Users/yuvra/Desktop/Learnings/unity/2d/My project/Assets
GfxDevice: creating device client; threaded=0; jobified=0
Direct3D:
    Version:  Direct3D 11.0 [level 11.1]
    Renderer: NVIDIA GeForce GTX 1650 (ID=0x1f9d)
    Vendor:   NVIDIA
    VRAM:     3949 MB
    Driver:   31.0.15.3168
Initialize mono
Mono path[0] = 'C:/Program Files/Unity/Hub/Editor/2021.3.14f1/Editor/Data/Managed'
Mono path[1] = 'C:/Program Files/Unity/Hub/Editor/2021.3.14f1/Editor/Data/MonoBleedingEdge/lib/mono/unityjit-win32'
Mono config path = 'C:/Program Files/Unity/Hub/Editor/2021.3.14f1/Editor/Data/MonoBleedingEdge/etc'
Using monoOptions --debugger-agent=transport=dt_socket,embedding=1,server=y,suspend=n,address=127.0.0.1:56484
Begin MonoManager ReloadAssembly
Registering precompiled unity dll's ...
Register platform support module: C:/Program Files/Unity/Hub/Editor/2021.3.14f1/Editor/Data/PlaybackEngines/WebGLSupport/UnityEditor.WebGL.Extensions.dll
Register platform support module: C:/Program Files/Unity/Hub/Editor/2021.3.14f1/Editor/Data/PlaybackEngines/AndroidPlayer/UnityEditor.Android.Extensions.dll
Register platform support module: C:/Program Files/Unity/Hub/Editor/2021.3.14f1/Editor/Data/PlaybackEngines/WindowsStandaloneSupport/UnityEditor.WindowsStandalone.Extensions.dll
Registered in 0.013503 seconds.
Native extension for WindowsStandalone target not found
Native extension for Android target not found
Native extension for WebGL target not found
Refreshing native plugins compatible for Editor in 65.86 ms, found 3 plugins.
Preloading 0 native plugins for Editor in 0.00 ms.
Mono: successfully reloaded assembly
- Completed reload, in  0.944 seconds
Domain Reload Profiling:
	ReloadAssembly (944ms)
		BeginReloadAssembly (134ms)
			ExecutionOrderSort (0ms)
			DisableScriptedObjects (0ms)
			BackupInstance (0ms)
			ReleaseScriptingObjects (0ms)
			CreateAndSetChildDomain (1ms)
		EndReloadAssembly (705ms)
			LoadAssemblies (132ms)
			RebuildTransferFunctionScriptingTraits (0ms)
			SetupTypeCache (95ms)
			ReleaseScriptCaches (0ms)
			RebuildScriptCaches (23ms)
			SetupLoadedEditorAssemblies (536ms)
				LogAssemblyErrors (0ms)
				InitializePlatformSupportModulesInManaged (55ms)
				SetLoadedEditorAssemblies (1ms)
				RefreshPlugins (66ms)
				BeforeProcessingInitializeOnLoad (1ms)
				ProcessInitializeOnLoadAttributes (369ms)
				ProcessInitializeOnLoadMethodAttributes (44ms)
				AfterProcessingInitializeOnLoad (0ms)
				EditorAssembliesLoaded (0ms)
			ExecutionOrderSort2 (0ms)
			AwakeInstancesAfterBackupRestoration (0ms)
Platform modules already initialized, skipping
Registering precompiled user dll's ...
Registered in 0.006952 seconds.
Begin MonoManager ReloadAssembly
Symbol file LoadedFromMemory doesn't match image C:\Users\yuvra\Desktop\Learnings\unity\2d\My project\Library\PackageCache\com.unity.visualscripting@1.7.8\Editor\VisualScripting.Core\Dependencies\YamlDotNet\Unity.VisualScripting.YamlDotNet.dll
Symbol file LoadedFromMemory doesn't match image C:\Users\yuvra\Desktop\Learnings\unity\2d\My project\Library\PackageCache\com.unity.visualscripting@1.7.8\Editor\VisualScripting.Core\Dependencies\DotNetZip\Unity.VisualScripting.IonicZip.dll
Native extension for WindowsStandalone target not found
Native extension for Android target not found
Native extension for WebGL target not found
Refreshing native plugins compatible for Editor in 1.16 ms, found 3 plugins.
Preloading 0 native plugins for Editor in 0.00 ms.
Mono: successfully reloaded assembly
- Completed reload, in  1.164 seconds
Domain Reload Profiling:
	ReloadAssembly (1165ms)
		BeginReloadAssembly (220ms)
			ExecutionOrderSort (0ms)
			DisableScriptedObjects (5ms)
			BackupInstance (0ms)
			ReleaseScriptingObjects (0ms)
			CreateAndSetChildDomain (124ms)
		EndReloadAssembly (836ms)
			LoadAssemblies (155ms)
			RebuildTransferFunctionScriptingTraits (0ms)
			SetupTypeCache (234ms)
			ReleaseScriptCaches (1ms)
			RebuildScriptCaches (49ms)
			SetupLoadedEditorAssemblies (371ms)
				LogAssemblyErrors (0ms)
				InitializePlatformSupportModulesInManaged (16ms)
				SetLoadedEditorAssemblies (0ms)
				RefreshPlugins (1ms)
				BeforeProcessingInitializeOnLoad (89ms)
				ProcessInitializeOnLoadAttributes (225ms)
				ProcessInitializeOnLoadMethodAttributes (29ms)
				AfterProcessingInitializeOnLoad (10ms)
				EditorAssembliesLoaded (0ms)
			ExecutionOrderSort2 (0ms)
			AwakeInstancesAfterBackupRestoration (6ms)
Platform modules already initialized, skipping
========================================================================
Worker process is ready to serve import requests
Launched and connected shader compiler UnityShaderCompiler.exe after 0.05 seconds
Refreshing native plugins compatible for Editor in 2.38 ms, found 3 plugins.
Preloading 0 native plugins for Editor in 0.00 ms.
Unloading 3351 Unused Serialized files (Serialized files now loaded: 0)
Unloading 27 unused Assets / (113.5 KB). Loaded Objects now: 3810.
Memory consumption went from 115.4 MB to 115.3 MB.
Total: 4.135200 ms (FindLiveObjects: 0.747800 ms CreateObjectMapping: 0.113000 ms MarkObjects: 3.167300 ms  DeleteObjects: 0.105000 ms)

AssetImportParameters requested are different than current active one (requested -> active):
  custom:video-decoder-ogg-theora: a1e56fd34408186e4bbccfd4996cb3dc -> 
  custom:container-muxer-webm: aa71ff27fc2769a1b78a27578f13a17b -> 
  custom:container-demuxer-webm: 4f35f7cbe854078d1ac9338744f61a02 -> 
  custom:video-encoder-webm-vp8: eb34c28f22e8b96e1ab97ce403110664 -> 
  custom:video-codec-MediaFoundation-h265: 746d11721c4dcdbdad8f713fa42b33f4 -> 
  custom:audio-encoder-webm-vorbis: bf7c407c2cedff20999df2af8eb42d56 -> 
  custom:framework-win-MediaFoundation: 216162199b28c13a410421893ffa2e32 -> 
  custom:container-demuxer-ogg: 62fdf1f143b41e24485cea50d1cbac27 -> 
  custom:video-decoder-webm-vp8: 9c59270c3fd7afecdb556c50c9e8de78 -> 
  custom:audio-decoder-ogg-vorbis: bf7c407c2cedff20999df2af8eb42d56 -> 
========================================================================
Received Import Request.
  Time since last request: 1215033.709177 seconds.
  path: Assets/gameassets/Audio/AmmoPickup.mp3
  artifactKey: Guid(c1d1169f0233caa42a6216c0ac0bbe2c) Importer(815301076,1909f56bfc062723c751e8b465ee728b)
Start importing Assets/gameassets/Audio/AmmoPickup.mp3 using Guid(c1d1169f0233caa42a6216c0ac0bbe2c) Importer(815301076,1909f56bfc062723c751e8b465ee728b)  -> (artifact id: 'b4177674df68ca8096c76de8b3586b2f') in 0.177627 seconds 
========================================================================
Received Import Request.
  Time since last request: 0.000045 seconds.
  path: Assets/gameassets/Audio/Gun Machine Gun 353.mp3
  artifactKey: Guid(a35d688c50b139144b95d46e4e10c644) Importer(815301076,1909f56bfc062723c751e8b465ee728b)
Start importing Assets/gameassets/Audio/Gun Machine Gun 353.mp3 using Guid(a35d688c50b139144b95d46e4e10c644) Importer(815301076,1909f56bfc062723c751e8b465ee728b)  -> (artifact id: 'a91eca6a54210da0cc0c128a47992672') in 0.024630 seconds 
========================================================================
Received Import Request.
  Time since last request: 0.000084 seconds.
  path: Assets/gameassets/Audio/HealthPickup.mp3
  artifactKey: Guid(4957f5d0598022146a11c9f9b0243da6) Importer(815301076,1909f56bfc062723c751e8b465ee728b)
Start importing Assets/gameassets/Audio/HealthPickup.mp3 using Guid(4957f5d0598022146a11c9f9b0243da6) Importer(815301076,1909f56bfc062723c751e8b465ee728b)  -> (artifact id: 'bdde89c1034e764576275b0662ff7048') in 0.025254 seconds 
========================================================================
Received Import Request.
  Time since last request: 0.000032 seconds.
  path: Assets/gameassets/Audio/Gun Machine Gun 444.mp3
  artifactKey: Guid(92d9729806985474fa836b5f42bb362c) Importer(815301076,1909f56bfc062723c751e8b465ee728b)
Start importing Assets/gameassets/Audio/Gun Machine Gun 444.mp3 using Guid(92d9729806985474fa836b5f42bb362c) Importer(815301076,1909f56bfc062723c751e8b465ee728b)  -> (artifact id: 'b89863d05d2470ed25fece6c13cde729') in 0.027431 seconds 
========================================================================
Received Import Request.
  Time since last request: 0.000034 seconds.
  path: Assets/gameassets/Audio
  artifactKey: Guid(aeb0ed30de0e62e458ed478dc54b54a0) Importer(815301076,1909f56bfc062723c751e8b465ee728b)
Start importing Assets/gameassets/Audio using Guid(aeb0ed30de0e62e458ed478dc54b54a0) Importer(815301076,1909f56bfc062723c751e8b465ee728b)  -> (artifact id: 'c6e3c6fc3b070b2d3f6fb353f6922847') in 0.015735 seconds 
========================================================================
Received Import Request.
  Time since last request: 0.000046 seconds.
  path: Assets/gameassets/Audio/Gun Machine Gun 434.mp3
  artifactKey: Guid(f20ece0b37dddbb40ae78fbe3d1fb2a8) Importer(815301076,1909f56bfc062723c751e8b465ee728b)
Start importing Assets/gameassets/Audio/Gun Machine Gun 434.mp3 using Guid(f20ece0b37dddbb40ae78fbe3d1fb2a8) Importer(815301076,1909f56bfc062723c751e8b465ee728b)  -> (artifact id: '73cac6419698409f51f374d9334a9de1') in 0.025896 seconds 
========================================================================
Received Import Request.
  Time since last request: 0.000024 seconds.
  path: Assets/gameassets/Audio/ZombieFootstep.mp3
  artifactKey: Guid(0df1f9b9b0728e84991d6c7707b0df3b) Importer(815301076,1909f56bfc062723c751e8b465ee728b)
Start importing Assets/gameassets/Audio/ZombieFootstep.mp3 using Guid(0df1f9b9b0728e84991d6c7707b0df3b) Importer(815301076,1909f56bfc062723c751e8b465ee728b)  -> (artifact id: 'a3feb5d69102a55738f0bc4c7bcba1ee') in 0.030728 seconds 
========================================================================
Received Import Request.
  Time since last request: 0.000031 seconds.
  path: Assets/gameassets/Audio/Objective Complete.wav
  artifactKey: Guid(194903646d07e104690b00b1fa2b21d8) Importer(815301076,1909f56bfc062723c751e8b465ee728b)
Start importing Assets/gameassets/Audio/Objective Complete.wav using Guid(194903646d07e104690b00b1fa2b21d8) Importer(815301076,1909f56bfc062723c751e8b465ee728b)  -> (artifact id: '24da454caeb4ce20236d5b82d230ec83') in 0.025921 seconds 
========================================================================
Received Import Request.
  Time since last request: 0.522827 seconds.
  path: Assets/gameassets/Audio/ZombieHurt1.mp3
  artifactKey: Guid(6c12a23677faafa41ab6055cec8347d1) Importer(815301076,1909f56bfc062723c751e8b465ee728b)
Start importing Assets/gameassets/Audio/ZombieHurt1.mp3 using Guid(6c12a23677faafa41ab6055cec8347d1) Importer(815301076,1909f56bfc062723c751e8b465ee728b)  -> (artifact id: '2998fc08c4383de0d01ed19a967750e0') in 0.023149 seconds 
========================================================================
Received Import Request.
  Time since last request: 13.733392 seconds.
  path: Assets/gameassets/Prefabs/ImpactEffect.prefab
  artifactKey: Guid(05457459017a1464ba74f3241e8432a7) Importer(815301076,1909f56bfc062723c751e8b465ee728b)
Start importing Assets/gameassets/Prefabs/ImpactEffect.prefab using Guid(05457459017a1464ba74f3241e8432a7) Importer(815301076,1909f56bfc062723c751e8b465ee728b)  -> (artifact id: 'ff7c60eacce48690fb820f3c376d96fe') in 0.049135 seconds 
========================================================================
Received Import Request.
  Time since last request: 0.000044 seconds.
  path: Assets/gameassets/Prefabs
  artifactKey: Guid(ab4d4f01f50e31f438c84091a176f6fd) Importer(815301076,1909f56bfc062723c751e8b465ee728b)
Start importing Assets/gameassets/Prefabs using Guid(ab4d4f01f50e31f438c84091a176f6fd) Importer(815301076,1909f56bfc062723c751e8b465ee728b)  -> (artifact id: '2f3ba4b5d35b19496c9845dfdba79a5c') in 0.017402 seconds 
========================================================================
Received Import Request.
  Time since last request: 3.310128 seconds.
  path: Assets/gameassets/Prefabs/CineMachines
  artifactKey: Guid(4855a17644e4fa7478fa6dcec59b4725) Importer(815301076,1909f56bfc062723c751e8b465ee728b)
Start importing Assets/gameassets/Prefabs/CineMachines using Guid(4855a17644e4fa7478fa6dcec59b4725) Importer(815301076,1909f56bfc062723c751e8b465ee728b)  -> (artifact id: '9fe12f932f8d0bf738c793c3b87af12f') in 0.013892 seconds 
========================================================================
Received Import Request.
  Time since last request: 6.216064 seconds.
  path: Assets/gameassets/Sprites/Magazine.png
  artifactKey: Guid(5ba59f770bb016a42abc74b6b41f85e1) Importer(815301076,1909f56bfc062723c751e8b465ee728b)
Start importing Assets/gameassets/Sprites/Magazine.png using Guid(5ba59f770bb016a42abc74b6b41f85e1) Importer(815301076,1909f56bfc062723c751e8b465ee728b)  -> (artifact id: '5fc09865bc68de053853e27a33ec708d') in 0.041156 seconds 
========================================================================
Received Import Request.
  Time since last request: 0.000049 seconds.
  path: Assets/gameassets/Sprites/Player1.png
  artifactKey: Guid(21d0ce540d93cb54886f8ef582ce7388) Importer(815301076,1909f56bfc062723c751e8b465ee728b)
Start importing Assets/gameassets/Sprites/Player1.png using Guid(21d0ce540d93cb54886f8ef582ce7388) Importer(815301076,1909f56bfc062723c751e8b465ee728b)  -> (artifact id: '9bc88b517e197848e871ab187da8ac88') in 0.027068 seconds 
========================================================================
Received Import Request.
  Time since last request: 0.000042 seconds.
  path: Assets/gameassets/Sprites
  artifactKey: Guid(a308f9638c1c7684db4ad29774f6fc58) Importer(815301076,1909f56bfc062723c751e8b465ee728b)
Start importing Assets/gameassets/Sprites using Guid(a308f9638c1c7684db4ad29774f6fc58) Importer(815301076,1909f56bfc062723c751e8b465ee728b)  -> (artifact id: '7b9e56b1f38eb94f2fc3b7524f9806f4') in 0.021547 seconds 
Editor requested this worker to shutdown with reason: Scaling down because of idle timeout
AssetImportWorker is now disconnected from the server
Process exiting
Exiting without the bug reporter. Application will terminate with return code 0