Using pre-set license
Built from '2021.3/staging' branch; Version is '2021.3.14f1 (eee1884e7226) revision 15655304'; Using compiler version '192829333'; Build Type 'Release'
OS: 'Windows 10  (10.0.19045) 64bit CoreSingleLanguage' Language: 'en' Physical Memory: 7583 MB
BatchMode: 1, IsHumanControllingUs: 0, StartBugReporterOnCrash: 0, Is64bit: 1, IsPro: 1

COMMAND LINE ARGUMENTS:
C:\Program Files\Unity\Hub\Editor\2021.3.14f1\Editor\Unity.exe
-adb2
-batchMode
-noUpm
-name
AssetImportWorker5
-projectPath
C:/Users/yuvra/Desktop/Learnings/unity/2d/My project
-logFile
Logs/AssetImportWorker5.log
-srvPort
54805
Successfully changed project path to: C:/Users/yuvra/Desktop/Learnings/unity/2d/My project
C:/Users/yuvra/Desktop/Learnings/unity/2d/My project
[UnityMemory] Configuration Parameters - Can be set up in boot.config
    "memorysetup-bucket-allocator-granularity=16"
    "memorysetup-bucket-allocator-bucket-count=8"
    "memorysetup-bucket-allocator-block-size=33554432"
    "memorysetup-bucket-allocator-block-count=8"
    "memorysetup-main-allocator-block-size=16777216"
    "memorysetup-thread-allocator-block-size=16777216"
    "memorysetup-gfx-main-allocator-block-size=16777216"
    "memorysetup-gfx-thread-allocator-block-size=16777216"
    "memorysetup-cache-allocator-block-size=4194304"
    "memorysetup-typetree-allocator-block-size=2097152"
    "memorysetup-profiler-bucket-allocator-granularity=16"
    "memorysetup-profiler-bucket-allocator-bucket-count=8"
    "memorysetup-profiler-bucket-allocator-block-size=33554432"
    "memorysetup-profiler-bucket-allocator-block-count=8"
    "memorysetup-profiler-allocator-block-size=16777216"
    "memorysetup-profiler-editor-allocator-block-size=1048576"
    "memorysetup-temp-allocator-size-main=16777216"
    "memorysetup-job-temp-allocator-block-size=2097152"
    "memorysetup-job-temp-allocator-block-size-background=1048576"
    "memorysetup-job-temp-allocator-reduction-small-platforms=262144"
    "memorysetup-temp-allocator-size-background-worker=32768"
    "memorysetup-temp-allocator-size-job-worker=262144"
    "memorysetup-temp-allocator-size-preload-manager=33554432"
    "memorysetup-temp-allocator-size-nav-mesh-worker=65536"
    "memorysetup-temp-allocator-size-audio-worker=65536"
    "memorysetup-temp-allocator-size-cloud-worker=32768"
    "memorysetup-temp-allocator-size-gi-baking-worker=262144"
    "memorysetup-temp-allocator-size-gfx=262144"
Refreshing native plugins compatible for Editor in 122.57 ms, found 3 plugins.
Preloading 0 native plugins for Editor in 0.00 ms.
Initialize engine version: 2021.3.14f1 (eee1884e7226)
[Subsystems] Discovering subsystems at path C:/Program Files/Unity/Hub/Editor/2021.3.14f1/Editor/Data/Resources/UnitySubsystems
[Subsystems] Discovering subsystems at path C:/Users/yuvra/Desktop/Learnings/unity/2d/My project/Assets
GfxDevice: creating device client; threaded=0; jobified=0
Direct3D:
    Version:  Direct3D 11.0 [level 11.1]
    Renderer: NVIDIA GeForce GTX 1650 (ID=0x1f9d)
    Vendor:   NVIDIA
    VRAM:     3949 MB
    Driver:   31.0.15.3168
Initialize mono
Mono path[0] = 'C:/Program Files/Unity/Hub/Editor/2021.3.14f1/Editor/Data/Managed'
Mono path[1] = 'C:/Program Files/Unity/Hub/Editor/2021.3.14f1/Editor/Data/MonoBleedingEdge/lib/mono/unityjit-win32'
Mono config path = 'C:/Program Files/Unity/Hub/Editor/2021.3.14f1/Editor/Data/MonoBleedingEdge/etc'
Using monoOptions --debugger-agent=transport=dt_socket,embedding=1,server=y,suspend=n,address=127.0.0.1:56584
Begin MonoManager ReloadAssembly
Registering precompiled unity dll's ...
Register platform support module: C:/Program Files/Unity/Hub/Editor/2021.3.14f1/Editor/Data/PlaybackEngines/WebGLSupport/UnityEditor.WebGL.Extensions.dll
Register platform support module: C:/Program Files/Unity/Hub/Editor/2021.3.14f1/Editor/Data/PlaybackEngines/AndroidPlayer/UnityEditor.Android.Extensions.dll
Register platform support module: C:/Program Files/Unity/Hub/Editor/2021.3.14f1/Editor/Data/PlaybackEngines/WindowsStandaloneSupport/UnityEditor.WindowsStandalone.Extensions.dll
Registered in 0.013819 seconds.
Native extension for WindowsStandalone target not found
Native extension for Android target not found
Native extension for WebGL target not found
Refreshing native plugins compatible for Editor in 93.13 ms, found 3 plugins.
Preloading 0 native plugins for Editor in 0.00 ms.
Mono: successfully reloaded assembly
- Completed reload, in  0.788 seconds
Domain Reload Profiling:
	ReloadAssembly (789ms)
		BeginReloadAssembly (162ms)
			ExecutionOrderSort (0ms)
			DisableScriptedObjects (0ms)
			BackupInstance (0ms)
			ReleaseScriptingObjects (0ms)
			CreateAndSetChildDomain (1ms)
		EndReloadAssembly (500ms)
			LoadAssemblies (165ms)
			RebuildTransferFunctionScriptingTraits (0ms)
			SetupTypeCache (113ms)
			ReleaseScriptCaches (0ms)
			RebuildScriptCaches (26ms)
			SetupLoadedEditorAssemblies (298ms)
				LogAssemblyErrors (0ms)
				InitializePlatformSupportModulesInManaged (60ms)
				SetLoadedEditorAssemblies (0ms)
				RefreshPlugins (93ms)
				BeforeProcessingInitializeOnLoad (1ms)
				ProcessInitializeOnLoadAttributes (100ms)
				ProcessInitializeOnLoadMethodAttributes (42ms)
				AfterProcessingInitializeOnLoad (0ms)
				EditorAssembliesLoaded (0ms)
			ExecutionOrderSort2 (0ms)
			AwakeInstancesAfterBackupRestoration (0ms)
Platform modules already initialized, skipping
Registering precompiled user dll's ...
Registered in 0.007081 seconds.
Android Extension - Scanning For ADB Devices 4808 ms
Begin MonoManager ReloadAssembly
Symbol file LoadedFromMemory doesn't match image C:\Users\yuvra\Desktop\Learnings\unity\2d\My project\Library\PackageCache\com.unity.visualscripting@1.7.8\Editor\VisualScripting.Core\Dependencies\YamlDotNet\Unity.VisualScripting.YamlDotNet.dll
Symbol file LoadedFromMemory doesn't match image C:\Users\yuvra\Desktop\Learnings\unity\2d\My project\Library\PackageCache\com.unity.visualscripting@1.7.8\Editor\VisualScripting.Core\Dependencies\DotNetZip\Unity.VisualScripting.IonicZip.dll
Native extension for WindowsStandalone target not found
Native extension for Android target not found
Native extension for WebGL target not found
Refreshing native plugins compatible for Editor in 129.17 ms, found 3 plugins.
Preloading 0 native plugins for Editor in 0.00 ms.
Mono: successfully reloaded assembly
- Completed reload, in  4.104 seconds
Domain Reload Profiling:
	ReloadAssembly (4107ms)
		BeginReloadAssembly (272ms)
			ExecutionOrderSort (0ms)
			DisableScriptedObjects (8ms)
			BackupInstance (0ms)
			ReleaseScriptingObjects (1ms)
			CreateAndSetChildDomain (60ms)
		EndReloadAssembly (3627ms)
			LoadAssemblies (386ms)
			RebuildTransferFunctionScriptingTraits (0ms)
			SetupTypeCache (537ms)
			ReleaseScriptCaches (1ms)
			RebuildScriptCaches (104ms)
			SetupLoadedEditorAssemblies (2584ms)
				LogAssemblyErrors (0ms)
				InitializePlatformSupportModulesInManaged (25ms)
				SetLoadedEditorAssemblies (0ms)
				RefreshPlugins (129ms)
				BeforeProcessingInitializeOnLoad (156ms)
				ProcessInitializeOnLoadAttributes (552ms)
				ProcessInitializeOnLoadMethodAttributes (1709ms)
				AfterProcessingInitializeOnLoad (11ms)
				EditorAssembliesLoaded (0ms)
			ExecutionOrderSort2 (0ms)
			AwakeInstancesAfterBackupRestoration (8ms)
Platform modules already initialized, skipping
========================================================================
Worker process is ready to serve import requests
Launched and connected shader compiler UnityShaderCompiler.exe after 0.09 seconds
Refreshing native plugins compatible for Editor in 2.89 ms, found 3 plugins.
Preloading 0 native plugins for Editor in 0.00 ms.
Unloading 3982 Unused Serialized files (Serialized files now loaded: 0)
Unloading 50 unused Assets / (1.1 MB). Loaded Objects now: 4457.
Memory consumption went from 163.8 MB to 162.8 MB.
Total: 17.228200 ms (FindLiveObjects: 1.994300 ms CreateObjectMapping: 0.961400 ms MarkObjects: 12.154600 ms  DeleteObjects: 2.112700 ms)

AssetImportParameters requested are different than current active one (requested -> active):
  custom:video-decoder-ogg-theora: a1e56fd34408186e4bbccfd4996cb3dc -> 
  custom:container-muxer-webm: aa71ff27fc2769a1b78a27578f13a17b -> 
  custom:container-demuxer-webm: 4f35f7cbe854078d1ac9338744f61a02 -> 
  custom:video-encoder-webm-vp8: eb34c28f22e8b96e1ab97ce403110664 -> 
  custom:video-codec-MediaFoundation-h265: 746d11721c4dcdbdad8f713fa42b33f4 -> 
  custom:audio-encoder-webm-vorbis: bf7c407c2cedff20999df2af8eb42d56 -> 
  custom:framework-win-MediaFoundation: 216162199b28c13a410421893ffa2e32 -> 
  custom:container-demuxer-ogg: 62fdf1f143b41e24485cea50d1cbac27 -> 
  custom:video-decoder-webm-vp8: 9c59270c3fd7afecdb556c50c9e8de78 -> 
  custom:audio-decoder-ogg-vorbis: bf7c407c2cedff20999df2af8eb42d56 -> 
========================================================================
Received Import Request.
  Time since last request: 1911595.907040 seconds.
  path: Assets/character/mutant/Mutant.fbx
  artifactKey: Guid(dc250de6aafa4dd4c8987fc2ccc79ed5) Importer(815301076,1909f56bfc062723c751e8b465ee728b)
Start importing Assets/character/mutant/Mutant.fbx using Guid(dc250de6aafa4dd4c8987fc2ccc79ed5) Importer(815301076,1909f56bfc062723c751e8b465ee728b)  -> (artifact id: '2236c94af0e329cf4d55c4d9da486d46') in 0.692449 seconds 
========================================================================
Received Import Request.
  Time since last request: 2.440658 seconds.
  path: Assets/character/mutant/Mutant@Dying.fbx
  artifactKey: Guid(170b2fd0f5fe33a41991c5cc75b5e975) Importer(815301076,1909f56bfc062723c751e8b465ee728b)
Start importing Assets/character/mutant/Mutant@Dying.fbx using Guid(170b2fd0f5fe33a41991c5cc75b5e975) Importer(815301076,1909f56bfc062723c751e8b465ee728b)  -> (artifact id: 'fb9f40c7d980f18fbedb0e38a1a65353') in 0.152132 seconds 
========================================================================
Received Import Request.
  Time since last request: 0.000101 seconds.
  path: Assets/character/mutant/Mutant@Mutant Jump Attack.fbx
  artifactKey: Guid(db22ffeef10893745b8b73223d8d5e88) Importer(815301076,1909f56bfc062723c751e8b465ee728b)
Start importing Assets/character/mutant/Mutant@Mutant Jump Attack.fbx using Guid(db22ffeef10893745b8b73223d8d5e88) Importer(815301076,1909f56bfc062723c751e8b465ee728b)  -> (artifact id: 'be98b906c93da50560a3d6b716ef2c0e') in 0.111322 seconds 
========================================================================
Received Import Request.
  Time since last request: 0.000122 seconds.
  path: Assets/character/mutant/Mutant@Unarmed Walk Forward.fbx
  artifactKey: Guid(c9449ee237ad7a249a4ee120c641f7d9) Importer(815301076,1909f56bfc062723c751e8b465ee728b)
Start importing Assets/character/mutant/Mutant@Unarmed Walk Forward.fbx using Guid(c9449ee237ad7a249a4ee120c641f7d9) Importer(815301076,1909f56bfc062723c751e8b465ee728b)  -> (artifact id: 'e509617b364cd4708baaa83cb23504c5') in 0.098296 seconds 
========================================================================
Received Prepare
Registering precompiled user dll's ...
Registered in 0.009960 seconds.
Begin MonoManager ReloadAssembly
Symbol file LoadedFromMemory doesn't match image C:\Users\yuvra\Desktop\Learnings\unity\2d\My project\Library\PackageCache\com.unity.visualscripting@1.7.8\Editor\VisualScripting.Core\Dependencies\YamlDotNet\Unity.VisualScripting.YamlDotNet.dll
Symbol file LoadedFromMemory doesn't match image C:\Users\yuvra\Desktop\Learnings\unity\2d\My project\Library\PackageCache\com.unity.visualscripting@1.7.8\Editor\VisualScripting.Core\Dependencies\DotNetZip\Unity.VisualScripting.IonicZip.dll
Native extension for WindowsStandalone target not found
Native extension for Android target not found
Native extension for WebGL target not found
Refreshing native plugins compatible for Editor in 4.45 ms, found 3 plugins.
Preloading 0 native plugins for Editor in 0.00 ms.
Mono: successfully reloaded assembly
- Completed reload, in  4.741 seconds
Domain Reload Profiling:
	ReloadAssembly (4748ms)
		BeginReloadAssembly (2114ms)
			ExecutionOrderSort (0ms)
			DisableScriptedObjects (87ms)
			BackupInstance (0ms)
			ReleaseScriptingObjects (0ms)
			CreateAndSetChildDomain (980ms)
		EndReloadAssembly (2097ms)
			LoadAssemblies (884ms)
			RebuildTransferFunctionScriptingTraits (0ms)
			SetupTypeCache (881ms)
			ReleaseScriptCaches (6ms)
			RebuildScriptCaches (84ms)
			SetupLoadedEditorAssemblies (623ms)
				LogAssemblyErrors (0ms)
				InitializePlatformSupportModulesInManaged (47ms)
				SetLoadedEditorAssemblies (1ms)
				RefreshPlugins (5ms)
				BeforeProcessingInitializeOnLoad (115ms)
				ProcessInitializeOnLoadAttributes (414ms)
				ProcessInitializeOnLoadMethodAttributes (27ms)
				AfterProcessingInitializeOnLoad (11ms)
				EditorAssembliesLoaded (1ms)
			ExecutionOrderSort2 (0ms)
			AwakeInstancesAfterBackupRestoration (16ms)
Platform modules already initialized, skipping
Refreshing native plugins compatible for Editor in 11.02 ms, found 3 plugins.
Preloading 0 native plugins for Editor in 0.00 ms.
Unloading 3949 Unused Serialized files (Serialized files now loaded: 0)
Unloading 29 unused Assets / (1.1 MB). Loaded Objects now: 4518.
Memory consumption went from 178.0 MB to 176.9 MB.
Total: 34.706400 ms (FindLiveObjects: 1.020900 ms CreateObjectMapping: 3.309000 ms MarkObjects: 28.897100 ms  DeleteObjects: 1.473400 ms)

AssetImportParameters requested are different than current active one (requested -> active):
  custom:video-decoder-ogg-theora: a1e56fd34408186e4bbccfd4996cb3dc -> 
  custom:container-muxer-webm: aa71ff27fc2769a1b78a27578f13a17b -> 
  custom:container-demuxer-webm: 4f35f7cbe854078d1ac9338744f61a02 -> 
  custom:video-encoder-webm-vp8: eb34c28f22e8b96e1ab97ce403110664 -> 
  custom:video-codec-MediaFoundation-h265: 746d11721c4dcdbdad8f713fa42b33f4 -> 
  custom:audio-encoder-webm-vorbis: bf7c407c2cedff20999df2af8eb42d56 -> 
  custom:framework-win-MediaFoundation: 216162199b28c13a410421893ffa2e32 -> 
  custom:container-demuxer-ogg: 62fdf1f143b41e24485cea50d1cbac27 -> 
  custom:video-decoder-webm-vp8: 9c59270c3fd7afecdb556c50c9e8de78 -> 
  custom:audio-decoder-ogg-vorbis: bf7c407c2cedff20999df2af8eb42d56 -> 
========================================================================
Received Prepare
Registering precompiled user dll's ...
Registered in 0.006209 seconds.
Begin MonoManager ReloadAssembly
Symbol file LoadedFromMemory doesn't match image C:\Users\yuvra\Desktop\Learnings\unity\2d\My project\Library\PackageCache\com.unity.visualscripting@1.7.8\Editor\VisualScripting.Core\Dependencies\YamlDotNet\Unity.VisualScripting.YamlDotNet.dll
Symbol file LoadedFromMemory doesn't match image C:\Users\yuvra\Desktop\Learnings\unity\2d\My project\Library\PackageCache\com.unity.visualscripting@1.7.8\Editor\VisualScripting.Core\Dependencies\DotNetZip\Unity.VisualScripting.IonicZip.dll
Native extension for WindowsStandalone target not found
Native extension for Android target not found
Native extension for WebGL target not found
Refreshing native plugins compatible for Editor in 1.95 ms, found 3 plugins.
Preloading 0 native plugins for Editor in 0.00 ms.
Mono: successfully reloaded assembly
- Completed reload, in  1.683 seconds
Domain Reload Profiling:
	ReloadAssembly (1685ms)
		BeginReloadAssembly (348ms)
			ExecutionOrderSort (0ms)
			DisableScriptedObjects (6ms)
			BackupInstance (0ms)
			ReleaseScriptingObjects (0ms)
			CreateAndSetChildDomain (97ms)
		EndReloadAssembly (1208ms)
			LoadAssemblies (326ms)
			RebuildTransferFunctionScriptingTraits (0ms)
			SetupTypeCache (464ms)
			ReleaseScriptCaches (5ms)
			RebuildScriptCaches (47ms)
			SetupLoadedEditorAssemblies (443ms)
				LogAssemblyErrors (0ms)
				InitializePlatformSupportModulesInManaged (27ms)
				SetLoadedEditorAssemblies (1ms)
				RefreshPlugins (2ms)
				BeforeProcessingInitializeOnLoad (72ms)
				ProcessInitializeOnLoadAttributes (303ms)
				ProcessInitializeOnLoadMethodAttributes (29ms)
				AfterProcessingInitializeOnLoad (9ms)
				EditorAssembliesLoaded (0ms)
			ExecutionOrderSort2 (0ms)
			AwakeInstancesAfterBackupRestoration (7ms)
Platform modules already initialized, skipping
Refreshing native plugins compatible for Editor in 7.57 ms, found 3 plugins.
Preloading 0 native plugins for Editor in 0.00 ms.
Unloading 3949 Unused Serialized files (Serialized files now loaded: 0)
Unloading 29 unused Assets / (1.1 MB). Loaded Objects now: 4533.
Memory consumption went from 178.0 MB to 177.0 MB.
Total: 7.121000 ms (FindLiveObjects: 0.735700 ms CreateObjectMapping: 0.136800 ms MarkObjects: 5.456600 ms  DeleteObjects: 0.789800 ms)

AssetImportParameters requested are different than current active one (requested -> active):
  custom:video-decoder-ogg-theora: a1e56fd34408186e4bbccfd4996cb3dc -> 
  custom:container-muxer-webm: aa71ff27fc2769a1b78a27578f13a17b -> 
  custom:container-demuxer-webm: 4f35f7cbe854078d1ac9338744f61a02 -> 
  custom:video-encoder-webm-vp8: eb34c28f22e8b96e1ab97ce403110664 -> 
  custom:video-codec-MediaFoundation-h265: 746d11721c4dcdbdad8f713fa42b33f4 -> 
  custom:audio-encoder-webm-vorbis: bf7c407c2cedff20999df2af8eb42d56 -> 
  custom:framework-win-MediaFoundation: 216162199b28c13a410421893ffa2e32 -> 
  custom:container-demuxer-ogg: 62fdf1f143b41e24485cea50d1cbac27 -> 
  custom:video-decoder-webm-vp8: 9c59270c3fd7afecdb556c50c9e8de78 -> 
  custom:audio-decoder-ogg-vorbis: bf7c407c2cedff20999df2af8eb42d56 -> 
========================================================================
Received Import Request.
  Time since last request: 700.065217 seconds.
  path: Assets/character/mutant/Mutant.dae
  artifactKey: Guid(ca028c45e118c8143a42fde9305abe18) Importer(815301076,1909f56bfc062723c751e8b465ee728b)
Start importing Assets/character/mutant/Mutant.dae using Guid(ca028c45e118c8143a42fde9305abe18) Importer(815301076,1909f56bfc062723c751e8b465ee728b)  -> (artifact id: 'e3c1426359f35ca290a0f262d5a6a5b1') in 0.872097 seconds 
========================================================================
Received Import Request.
  Time since last request: 0.000239 seconds.
  path: Assets/character/mutant/Mutant@Mutant Jump Attack.fbx
  artifactKey: Guid(db22ffeef10893745b8b73223d8d5e88) Importer(815301076,1909f56bfc062723c751e8b465ee728b)
Start importing Assets/character/mutant/Mutant@Mutant Jump Attack.fbx using Guid(db22ffeef10893745b8b73223d8d5e88) Importer(815301076,1909f56bfc062723c751e8b465ee728b)  -> (artifact id: '26add1c6ac3a2ae137b0b6cc96eb75ac') in 0.189888 seconds 
========================================================================
Received Import Request.
  Time since last request: 0.000277 seconds.
  path: Assets/character/mutant/Mutant@Dying.fbx
  artifactKey: Guid(170b2fd0f5fe33a41991c5cc75b5e975) Importer(815301076,1909f56bfc062723c751e8b465ee728b)
Start importing Assets/character/mutant/Mutant@Dying.fbx using Guid(170b2fd0f5fe33a41991c5cc75b5e975) Importer(815301076,1909f56bfc062723c751e8b465ee728b)  -> (artifact id: '4d1b15ce08386a1bfb3ea30ca12f1b79') in 0.138320 seconds 
========================================================================
Received Import Request.
  Time since last request: 819.806149 seconds.
  path: Assets/character/mutant/Mutant Dying.fbx
  artifactKey: Guid(0934d5c3ba91f45459a7a8ccf535ca54) Importer(815301076,1909f56bfc062723c751e8b465ee728b)
Start importing Assets/character/mutant/Mutant Dying.fbx using Guid(0934d5c3ba91f45459a7a8ccf535ca54) Importer(815301076,1909f56bfc062723c751e8b465ee728b)  -> (artifact id: '8ed7012ef44d987c0dee3e9ea225d4a0') in 0.109970 seconds 
========================================================================
Received Import Request.
  Time since last request: 0.000231 seconds.
  path: Assets/character/mutant/Mutant Run.fbx
  artifactKey: Guid(058791a3a50af7c46b7c3db2e807dbb4) Importer(815301076,1909f56bfc062723c751e8b465ee728b)
Start importing Assets/character/mutant/Mutant Run.fbx using Guid(058791a3a50af7c46b7c3db2e807dbb4) Importer(815301076,1909f56bfc062723c751e8b465ee728b)  -> (artifact id: '1bfe8f07e3db939e5d476585369cb09c') in 0.041158 seconds 
========================================================================
Received Import Request.
  Time since last request: 572.907668 seconds.
  path: Assets/character/player/Ch11_nonPBR@Crouched Walking.fbx
  artifactKey: Guid(05c5a123fe2e58c4cb5fc6d3d6f0ffeb) Importer(815301076,1909f56bfc062723c751e8b465ee728b)
Start importing Assets/character/player/Ch11_nonPBR@Crouched Walking.fbx using Guid(05c5a123fe2e58c4cb5fc6d3d6f0ffeb) Importer(815301076,1909f56bfc062723c751e8b465ee728b)  -> (artifact id: '0ac146346733b19c9d608a68e95cbde1') in 0.094722 seconds 
========================================================================
Received Import Request.
  Time since last request: 0.000266 seconds.
  path: Assets/character/player/Ch11_nonPBR@Fast Run.fbx
  artifactKey: Guid(fcce3e53584cb9d4d8ebe5002de7fd87) Importer(815301076,1909f56bfc062723c751e8b465ee728b)
Start importing Assets/character/player/Ch11_nonPBR@Fast Run.fbx using Guid(fcce3e53584cb9d4d8ebe5002de7fd87) Importer(815301076,1909f56bfc062723c751e8b465ee728b)  -> (artifact id: '56d0168c5b989b9c1e492088b7c92956') in 0.031258 seconds 
========================================================================
Received Import Request.
  Time since last request: 0.000089 seconds.
  path: Assets/character/player/Ch11_nonPBR@Injured Idle.fbx
  artifactKey: Guid(7a62ba82402c533488301881cb949b1b) Importer(815301076,1909f56bfc062723c751e8b465ee728b)
Start importing Assets/character/player/Ch11_nonPBR@Injured Idle.fbx using Guid(7a62ba82402c533488301881cb949b1b) Importer(815301076,1909f56bfc062723c751e8b465ee728b)  -> (artifact id: '7393ec90e704c76e9a6b1a4abf08d378') in 0.032813 seconds 
========================================================================
Received Import Request.
  Time since last request: 0.000210 seconds.
  path: Assets/character/player/Ch11_nonPBR@Idle.fbx
  artifactKey: Guid(6291a8929b4a6354d90407468a90acf0) Importer(815301076,1909f56bfc062723c751e8b465ee728b)
Start importing Assets/character/player/Ch11_nonPBR@Idle.fbx using Guid(6291a8929b4a6354d90407468a90acf0) Importer(815301076,1909f56bfc062723c751e8b465ee728b)  -> (artifact id: 'c8c7cb1d3e4d193c10a44938cde4f4b5') in 0.032861 seconds 
========================================================================
Received Import Request.
  Time since last request: 0.000073 seconds.
  path: Assets/character/player/Ch11_nonPBR@Standing Melee Attack Horizontal.fbx
  artifactKey: Guid(736afd130fece934bbbed991fce2785f) Importer(815301076,1909f56bfc062723c751e8b465ee728b)
Start importing Assets/character/player/Ch11_nonPBR@Standing Melee Attack Horizontal.fbx using Guid(736afd130fece934bbbed991fce2785f) Importer(815301076,1909f56bfc062723c751e8b465ee728b)  -> (artifact id: '2937fd5d24a6b8d292225c177281c13c') in 0.046441 seconds 
Editor requested this worker to shutdown with reason: Scaling down because of idle timeout
AssetImportWorker is now disconnected from the server
Process exiting
Exiting without the bug reporter. Application will terminate with return code 0